Feb-19 08:05:24.652 - Logger created at logs-931/console.log
Feb-19 08:05:25.230 - Random Seed: 931
Feb-19 08:05:35.634 - Start training
Feb-19 08:05:43.659 - [   50/50000] loss: 1.6074 (1.6422), acc: 16.000% (22.353%)
Feb-19 08:05:51.513 - [  100/50000] loss: 1.5621 (1.6127), acc: 20.000% (24.594%)
Feb-19 08:05:59.381 - [  150/50000] loss: 1.4515 (1.5833), acc: 40.000% (27.364%)
Feb-19 08:06:07.198 - [  200/50000] loss: 1.6220 (1.5349), acc: 32.000% (31.164%)
Feb-19 08:06:15.049 - [  250/50000] loss: 1.3815 (1.4965), acc: 40.000% (33.801%)
Feb-19 08:06:22.902 - [  300/50000] loss: 1.2980 (1.4771), acc: 52.000% (35.203%)
Feb-19 08:06:30.781 - [  350/50000] loss: 1.5259 (1.4621), acc: 40.000% (36.422%)
Feb-19 08:06:38.668 - [  400/50000] loss: 1.2903 (1.4474), acc: 40.000% (37.546%)
Feb-19 08:06:46.557 - [  450/50000] loss: 1.6674 (1.4362), acc: 36.000% (38.350%)
Feb-19 08:06:54.382 - [  500/50000] loss: 1.4430 (1.4247), acc: 44.000% (39.186%)
Feb-19 08:07:02.255 - [  550/50000] loss: 1.2158 (1.4100), acc: 48.000% (40.094%)
Feb-19 08:07:10.142 - [  600/50000] loss: 1.4313 (1.3998), acc: 44.000% (40.732%)
Feb-19 08:07:17.991 - [  650/50000] loss: 1.1968 (1.3928), acc: 60.000% (41.235%)
Feb-19 08:07:25.884 - [  700/50000] loss: 1.1924 (1.3852), acc: 48.000% (41.735%)
Feb-19 08:07:33.708 - [  750/50000] loss: 1.1101 (1.3783), acc: 68.000% (42.115%)
Feb-19 08:07:41.576 - [  800/50000] loss: 0.9870 (1.3739), acc: 72.000% (42.417%)
Feb-19 08:07:49.446 - [  850/50000] loss: 1.3280 (1.3666), acc: 44.000% (42.877%)
Feb-19 08:07:57.312 - [  900/50000] loss: 1.2484 (1.3579), acc: 52.000% (43.414%)
Feb-19 08:08:05.429 - [  950/50000] loss: 1.0775 (1.3494), acc: 56.000% (43.844%)
Feb-19 08:08:13.275 - [ 1000/50000] loss: 0.8854 (1.3463), acc: 80.000% (44.056%)
Feb-19 08:08:26.041 - [ 1000] Eval (100 episode) - loss: 1.5902 +- 0.4693, acc: 36.760 +- 11.520%
Feb-19 08:08:26.042 - * Best accuracy so far *

Feb-19 08:08:33.914 - [ 1050/50000] loss: 1.4247 (1.2659), acc: 36.000% (50.080%)
Feb-19 08:08:41.783 - [ 1100/50000] loss: 0.9464 (1.2732), acc: 60.000% (48.960%)
Feb-19 08:08:49.675 - [ 1150/50000] loss: 1.2970 (1.2515), acc: 48.000% (50.213%)
Feb-19 08:08:57.528 - [ 1200/50000] loss: 1.3081 (1.2508), acc: 48.000% (50.200%)
Feb-19 08:09:05.348 - [ 1250/50000] loss: 1.4890 (1.2500), acc: 32.000% (50.384%)
Feb-19 08:09:13.232 - [ 1300/50000] loss: 1.3885 (1.2509), acc: 52.000% (50.240%)
Feb-19 08:09:21.114 - [ 1350/50000] loss: 1.2130 (1.2523), acc: 44.000% (49.989%)
Feb-19 08:09:28.976 - [ 1400/50000] loss: 1.2451 (1.2546), acc: 56.000% (49.850%)
Feb-19 08:09:36.827 - [ 1450/50000] loss: 1.3739 (1.2482), acc: 56.000% (50.142%)
Feb-19 08:09:44.685 - [ 1500/50000] loss: 1.1906 (1.2450), acc: 48.000% (50.184%)
Feb-19 08:09:52.566 - [ 1550/50000] loss: 1.4887 (1.2429), acc: 36.000% (50.233%)
Feb-19 08:10:00.457 - [ 1600/50000] loss: 1.3659 (1.2407), acc: 36.000% (50.387%)
Feb-19 08:10:08.330 - [ 1650/50000] loss: 1.3705 (1.2381), acc: 40.000% (50.455%)
Feb-19 08:10:16.179 - [ 1700/50000] loss: 1.0020 (1.2315), acc: 60.000% (50.726%)
Feb-19 08:10:24.198 - [ 1750/50000] loss: 1.0063 (1.2295), acc: 68.000% (50.827%)
Feb-19 08:10:32.124 - [ 1800/50000] loss: 1.1704 (1.2269), acc: 52.000% (50.885%)
Feb-19 08:10:40.016 - [ 1850/50000] loss: 1.5907 (1.2234), acc: 32.000% (51.111%)
Feb-19 08:10:47.900 - [ 1900/50000] loss: 1.1223 (1.2230), acc: 68.000% (51.182%)
Feb-19 08:10:55.775 - [ 1950/50000] loss: 1.1103 (1.2207), acc: 48.000% (51.251%)
Feb-19 08:11:03.616 - [ 2000/50000] loss: 0.9905 (1.2184), acc: 60.000% (51.404%)
Feb-19 08:11:16.379 - [ 2000] Eval (100 episode) - loss: 1.3487 +- 0.2084, acc: 43.800 +- 9.918%
Feb-19 08:11:16.379 - * Best accuracy so far *

Feb-19 08:11:24.235 - [ 2050/50000] loss: 1.5686 (1.1705), acc: 48.000% (54.960%)
Feb-19 08:11:32.104 - [ 2100/50000] loss: 1.0463 (1.1797), acc: 56.000% (53.240%)
Feb-19 08:11:40.006 - [ 2150/50000] loss: 0.9580 (1.1712), acc: 52.000% (53.680%)
Feb-19 08:11:47.849 - [ 2200/50000] loss: 1.3402 (1.1677), acc: 52.000% (53.580%)
Feb-19 08:11:55.719 - [ 2250/50000] loss: 0.9261 (1.1604), acc: 52.000% (53.824%)
Feb-19 08:12:03.625 - [ 2300/50000] loss: 1.1237 (1.1567), acc: 52.000% (53.680%)
Feb-19 08:12:11.511 - [ 2350/50000] loss: 0.9881 (1.1470), acc: 72.000% (54.354%)
Feb-19 08:12:19.367 - [ 2400/50000] loss: 0.8266 (1.1496), acc: 72.000% (54.350%)
Feb-19 08:12:27.250 - [ 2450/50000] loss: 1.4362 (1.1534), acc: 40.000% (54.293%)
Feb-19 08:12:35.057 - [ 2500/50000] loss: 0.7412 (1.1507), acc: 80.000% (54.440%)
Feb-19 08:12:42.921 - [ 2550/50000] loss: 1.1649 (1.1555), acc: 40.000% (54.240%)
Feb-19 08:12:50.806 - [ 2600/50000] loss: 1.5275 (1.1549), acc: 48.000% (54.227%)
Feb-19 08:12:58.673 - [ 2650/50000] loss: 1.1834 (1.1533), acc: 56.000% (54.314%)
Feb-19 08:13:06.539 - [ 2700/50000] loss: 1.4476 (1.1528), acc: 40.000% (54.389%)
Feb-19 08:13:14.503 - [ 2750/50000] loss: 1.0238 (1.1552), acc: 64.000% (54.267%)
Feb-19 08:13:22.343 - [ 2800/50000] loss: 1.0316 (1.1544), acc: 64.000% (54.335%)
Feb-19 08:13:30.160 - [ 2850/50000] loss: 1.1464 (1.1537), acc: 52.000% (54.353%)
Feb-19 08:13:38.003 - [ 2900/50000] loss: 1.1169 (1.1527), acc: 56.000% (54.382%)
Feb-19 08:13:45.856 - [ 2950/50000] loss: 1.2814 (1.1522), acc: 40.000% (54.451%)
Feb-19 08:13:53.715 - [ 3000/50000] loss: 1.6242 (1.1518), acc: 28.000% (54.516%)
Feb-19 08:14:06.451 - [ 3000] Eval (100 episode) - loss: 1.2661 +- 0.2270, acc: 50.000 +- 11.049%
Feb-19 08:14:06.451 - * Best accuracy so far *

Feb-19 08:14:14.335 - [ 3050/50000] loss: 1.1721 (1.1102), acc: 44.000% (56.400%)
Feb-19 08:14:22.186 - [ 3100/50000] loss: 0.9414 (1.1451), acc: 60.000% (55.280%)
Feb-19 08:14:30.040 - [ 3150/50000] loss: 1.1014 (1.1336), acc: 64.000% (55.680%)
Feb-19 08:14:37.910 - [ 3200/50000] loss: 1.1509 (1.1448), acc: 52.000% (55.200%)
Feb-19 08:14:45.708 - [ 3250/50000] loss: 1.1889 (1.1416), acc: 60.000% (54.976%)
Feb-19 08:14:53.547 - [ 3300/50000] loss: 0.8357 (1.1293), acc: 52.000% (55.587%)
Feb-19 08:15:01.443 - [ 3350/50000] loss: 0.8083 (1.1176), acc: 68.000% (56.194%)
Feb-19 08:15:09.328 - [ 3400/50000] loss: 1.1275 (1.1222), acc: 56.000% (56.060%)
Feb-19 08:15:17.186 - [ 3450/50000] loss: 0.9291 (1.1252), acc: 72.000% (55.902%)
Feb-19 08:15:25.123 - [ 3500/50000] loss: 0.7796 (1.1273), acc: 76.000% (55.920%)
Feb-19 08:15:32.946 - [ 3550/50000] loss: 0.7333 (1.1262), acc: 80.000% (56.058%)
Feb-19 08:15:40.784 - [ 3600/50000] loss: 1.1972 (1.1274), acc: 52.000% (55.880%)
Feb-19 08:15:48.676 - [ 3650/50000] loss: 1.3807 (1.1264), acc: 44.000% (55.975%)
Feb-19 08:15:56.541 - [ 3700/50000] loss: 1.4129 (1.1272), acc: 52.000% (55.954%)
Feb-19 08:16:04.376 - [ 3750/50000] loss: 1.2016 (1.1246), acc: 60.000% (55.963%)
Feb-19 08:16:12.244 - [ 3800/50000] loss: 1.2612 (1.1212), acc: 52.000% (56.105%)
Feb-19 08:16:20.100 - [ 3850/50000] loss: 0.8275 (1.1166), acc: 72.000% (56.245%)
Feb-19 08:16:28.220 - [ 3900/50000] loss: 1.0110 (1.1200), acc: 52.000% (56.058%)
Feb-19 08:16:36.054 - [ 3950/50000] loss: 1.0616 (1.1139), acc: 60.000% (56.291%)
Feb-19 08:16:43.881 - [ 4000/50000] loss: 1.2438 (1.1154), acc: 52.000% (56.112%)
Feb-19 08:16:56.566 - [ 4000] Eval (100 episode) - loss: 1.2570 +- 0.2061, acc: 49.640 +- 10.168%
Feb-19 08:17:04.444 - [ 4050/50000] loss: 1.2422 (1.0872), acc: 40.000% (57.920%)
Feb-19 08:17:12.343 - [ 4100/50000] loss: 0.9143 (1.1101), acc: 68.000% (55.640%)
Feb-19 08:17:20.223 - [ 4150/50000] loss: 0.9347 (1.1183), acc: 64.000% (55.653%)
Feb-19 08:17:28.058 - [ 4200/50000] loss: 1.1015 (1.1121), acc: 52.000% (55.820%)
Feb-19 08:17:35.934 - [ 4250/50000] loss: 0.9665 (1.1169), acc: 60.000% (55.888%)
Feb-19 08:17:43.786 - [ 4300/50000] loss: 1.3212 (1.1063), acc: 44.000% (56.160%)
Feb-19 08:17:51.642 - [ 4350/50000] loss: 0.7017 (1.0971), acc: 68.000% (56.686%)
Feb-19 08:17:59.556 - [ 4400/50000] loss: 1.4432 (1.0974), acc: 44.000% (56.950%)
Feb-19 08:18:07.462 - [ 4450/50000] loss: 0.8782 (1.0974), acc: 68.000% (56.889%)
Feb-19 08:18:15.326 - [ 4500/50000] loss: 1.0987 (1.0970), acc: 44.000% (56.880%)
Feb-19 08:18:23.146 - [ 4550/50000] loss: 1.8007 (1.0980), acc: 20.000% (56.844%)
Feb-19 08:18:31.028 - [ 4600/50000] loss: 1.2736 (1.0974), acc: 52.000% (56.867%)
Feb-19 08:18:38.907 - [ 4650/50000] loss: 1.3233 (1.0954), acc: 48.000% (56.849%)
Feb-19 08:18:46.749 - [ 4700/50000] loss: 1.1740 (1.0944), acc: 52.000% (56.886%)
Feb-19 08:18:54.636 - [ 4750/50000] loss: 1.3059 (1.0940), acc: 48.000% (56.901%)
Feb-19 08:19:02.470 - [ 4800/50000] loss: 0.8793 (1.0928), acc: 68.000% (56.965%)
Feb-19 08:19:10.382 - [ 4850/50000] loss: 0.7843 (1.0943), acc: 72.000% (56.871%)
Feb-19 08:19:18.247 - [ 4900/50000] loss: 1.8543 (1.0977), acc: 24.000% (56.769%)
Feb-19 08:19:26.123 - [ 4950/50000] loss: 1.2741 (1.1006), acc: 48.000% (56.577%)
Feb-19 08:19:33.982 - [ 5000/50000] loss: 1.1459 (1.1022), acc: 60.000% (56.548%)
Feb-19 08:19:46.662 - [ 5000] Eval (100 episode) - loss: 1.2500 +- 0.2278, acc: 49.720 +- 12.293%
Feb-19 08:19:54.528 - [ 5050/50000] loss: 0.8325 (1.1147), acc: 72.000% (58.960%)
Feb-19 08:20:02.402 - [ 5100/50000] loss: 1.2468 (1.0659), acc: 52.000% (59.920%)
Feb-19 08:20:10.368 - [ 5150/50000] loss: 0.8333 (1.0897), acc: 60.000% (58.533%)
Feb-19 08:20:18.345 - [ 5200/50000] loss: 1.0518 (1.0872), acc: 72.000% (58.320%)
Feb-19 08:20:26.202 - [ 5250/50000] loss: 1.0035 (1.0810), acc: 68.000% (58.576%)
Feb-19 08:20:34.087 - [ 5300/50000] loss: 0.8375 (1.0711), acc: 68.000% (58.987%)
Feb-19 08:20:41.965 - [ 5350/50000] loss: 0.7803 (1.0751), acc: 64.000% (58.846%)
Feb-19 08:20:49.819 - [ 5400/50000] loss: 0.9270 (1.0732), acc: 72.000% (58.660%)
Feb-19 08:20:57.717 - [ 5450/50000] loss: 1.2063 (1.0707), acc: 48.000% (58.587%)
Feb-19 08:21:05.595 - [ 5500/50000] loss: 0.5986 (1.0682), acc: 84.000% (58.712%)
Feb-19 08:21:13.395 - [ 5550/50000] loss: 0.8596 (1.0670), acc: 64.000% (58.698%)
Feb-19 08:21:21.266 - [ 5600/50000] loss: 0.5622 (1.0691), acc: 88.000% (58.733%)
Feb-19 08:21:29.167 - [ 5650/50000] loss: 0.8203 (1.0660), acc: 76.000% (58.782%)
Feb-19 08:21:37.024 - [ 5700/50000] loss: 1.2865 (1.0706), acc: 36.000% (58.571%)
Feb-19 08:21:44.920 - [ 5750/50000] loss: 1.6411 (1.0718), acc: 40.000% (58.565%)
Feb-19 08:21:52.815 - [ 5800/50000] loss: 1.1121 (1.0699), acc: 52.000% (58.540%)
Feb-19 08:22:00.643 - [ 5850/50000] loss: 0.8009 (1.0670), acc: 72.000% (58.668%)
Feb-19 08:22:08.584 - [ 5900/50000] loss: 1.1189 (1.0675), acc: 48.000% (58.667%)
Feb-19 08:22:16.482 - [ 5950/50000] loss: 0.8911 (1.0682), acc: 64.000% (58.627%)
Feb-19 08:22:24.352 - [ 6000/50000] loss: 1.1965 (1.0675), acc: 56.000% (58.664%)
Feb-19 08:22:37.063 - [ 6000] Eval (100 episode) - loss: 1.2074 +- 0.2399, acc: 51.680 +- 11.575%
Feb-19 08:22:37.064 - * Best accuracy so far *

Feb-19 08:22:44.943 - [ 6050/50000] loss: 1.1832 (1.0551), acc: 40.000% (59.040%)
Feb-19 08:22:52.810 - [ 6100/50000] loss: 0.6889 (1.0684), acc: 76.000% (57.480%)
Feb-19 08:23:00.724 - [ 6150/50000] loss: 1.0565 (1.0500), acc: 68.000% (58.160%)
Feb-19 08:23:08.627 - [ 6200/50000] loss: 0.7761 (1.0627), acc: 76.000% (57.880%)
Feb-19 08:23:16.501 - [ 6250/50000] loss: 0.9371 (1.0607), acc: 60.000% (57.840%)
Feb-19 08:23:24.400 - [ 6300/50000] loss: 0.9924 (1.0628), acc: 52.000% (57.467%)
Feb-19 08:23:32.271 - [ 6350/50000] loss: 0.8550 (1.0543), acc: 60.000% (58.114%)
Feb-19 08:23:40.138 - [ 6400/50000] loss: 1.1513 (1.0472), acc: 48.000% (58.460%)
Feb-19 08:23:48.041 - [ 6450/50000] loss: 0.7761 (1.0454), acc: 76.000% (58.916%)
Feb-19 08:23:55.907 - [ 6500/50000] loss: 1.1484 (1.0479), acc: 52.000% (58.824%)
Feb-19 08:24:03.771 - [ 6550/50000] loss: 0.7211 (1.0479), acc: 72.000% (58.902%)
Feb-19 08:24:11.665 - [ 6600/50000] loss: 1.3993 (1.0489), acc: 44.000% (58.827%)
Feb-19 08:24:19.555 - [ 6650/50000] loss: 1.1873 (1.0498), acc: 36.000% (58.775%)
Feb-19 08:24:27.441 - [ 6700/50000] loss: 1.0554 (1.0504), acc: 56.000% (58.783%)
Feb-19 08:24:35.330 - [ 6750/50000] loss: 0.9679 (1.0496), acc: 68.000% (58.875%)
Feb-19 08:24:43.160 - [ 6800/50000] loss: 0.9393 (1.0493), acc: 60.000% (58.990%)
Feb-19 08:24:51.064 - [ 6850/50000] loss: 1.1580 (1.0508), acc: 60.000% (59.012%)
Feb-19 08:24:58.954 - [ 6900/50000] loss: 1.0372 (1.0523), acc: 56.000% (58.947%)
Feb-19 08:25:06.857 - [ 6950/50000] loss: 1.3887 (1.0522), acc: 44.000% (58.947%)
Feb-19 08:25:14.718 - [ 7000/50000] loss: 1.3685 (1.0499), acc: 44.000% (59.068%)
Feb-19 08:25:27.430 - [ 7000] Eval (100 episode) - loss: 1.1856 +- 0.2340, acc: 51.240 +- 11.712%
Feb-19 08:25:35.302 - [ 7050/50000] loss: 1.1240 (1.0220), acc: 52.000% (58.640%)
Feb-19 08:25:43.132 - [ 7100/50000] loss: 1.0860 (1.0450), acc: 60.000% (58.240%)
Feb-19 08:25:50.953 - [ 7150/50000] loss: 1.1348 (1.0422), acc: 64.000% (58.880%)
Feb-19 08:25:58.820 - [ 7200/50000] loss: 1.1381 (1.0503), acc: 56.000% (58.640%)
Feb-19 08:26:06.673 - [ 7250/50000] loss: 1.1580 (1.0598), acc: 60.000% (57.968%)
Feb-19 08:26:14.537 - [ 7300/50000] loss: 0.5758 (1.0567), acc: 84.000% (58.280%)
Feb-19 08:26:22.401 - [ 7350/50000] loss: 1.1230 (1.0528), acc: 52.000% (58.594%)
Feb-19 08:26:30.283 - [ 7400/50000] loss: 0.9793 (1.0479), acc: 56.000% (58.910%)
Feb-19 08:26:38.482 - [ 7450/50000] loss: 1.0770 (1.0461), acc: 56.000% (58.951%)
Feb-19 08:26:46.370 - [ 7500/50000] loss: 1.1874 (1.0424), acc: 48.000% (59.184%)
Feb-19 08:26:54.192 - [ 7550/50000] loss: 1.3695 (1.0456), acc: 56.000% (59.084%)
Feb-19 08:27:02.076 - [ 7600/50000] loss: 0.9414 (1.0485), acc: 72.000% (58.880%)
Feb-19 08:27:09.965 - [ 7650/50000] loss: 1.2071 (1.0487), acc: 48.000% (58.880%)
Feb-19 08:27:17.854 - [ 7700/50000] loss: 1.1659 (1.0421), acc: 52.000% (59.063%)
Feb-19 08:27:25.691 - [ 7750/50000] loss: 0.9727 (1.0419), acc: 68.000% (59.003%)
Feb-19 08:27:33.587 - [ 7800/50000] loss: 0.7398 (1.0397), acc: 72.000% (59.150%)
Feb-19 08:27:41.459 - [ 7850/50000] loss: 1.2092 (1.0377), acc: 52.000% (59.341%)
Feb-19 08:27:49.346 - [ 7900/50000] loss: 0.8660 (1.0337), acc: 72.000% (59.493%)
Feb-19 08:27:57.203 - [ 7950/50000] loss: 1.5689 (1.0315), acc: 40.000% (59.693%)
Feb-19 08:28:05.096 - [ 8000/50000] loss: 1.2497 (1.0323), acc: 64.000% (59.704%)
Feb-19 08:28:17.824 - [ 8000] Eval (100 episode) - loss: 1.1303 +- 0.2349, acc: 55.560 +- 10.982%
Feb-19 08:28:17.825 - * Best accuracy so far *

Feb-19 08:28:25.667 - [ 8050/50000] loss: 0.6274 (1.0414), acc: 76.000% (59.440%)
Feb-19 08:28:33.520 - [ 8100/50000] loss: 0.5894 (1.0302), acc: 84.000% (59.720%)
Feb-19 08:28:41.365 - [ 8150/50000] loss: 0.6000 (1.0275), acc: 80.000% (60.400%)
Feb-19 08:28:49.248 - [ 8200/50000] loss: 0.9920 (1.0295), acc: 68.000% (60.120%)
Feb-19 08:28:57.090 - [ 8250/50000] loss: 0.5608 (1.0352), acc: 80.000% (59.808%)
Feb-19 08:29:04.965 - [ 8300/50000] loss: 1.0345 (1.0357), acc: 60.000% (59.880%)
Feb-19 08:29:12.840 - [ 8350/50000] loss: 1.0603 (1.0367), acc: 72.000% (59.886%)
Feb-19 08:29:20.707 - [ 8400/50000] loss: 0.6039 (1.0418), acc: 80.000% (59.560%)
Feb-19 08:29:28.571 - [ 8450/50000] loss: 0.9982 (1.0401), acc: 60.000% (59.644%)
Feb-19 08:29:36.401 - [ 8500/50000] loss: 1.1837 (1.0427), acc: 40.000% (59.368%)
Feb-19 08:29:44.288 - [ 8550/50000] loss: 1.3544 (1.0377), acc: 44.000% (59.622%)
Feb-19 08:29:52.168 - [ 8600/50000] loss: 1.2267 (1.0346), acc: 44.000% (59.673%)
Feb-19 08:30:00.011 - [ 8650/50000] loss: 1.2217 (1.0361), acc: 52.000% (59.612%)
Feb-19 08:30:07.923 - [ 8700/50000] loss: 0.4532 (1.0329), acc: 88.000% (59.674%)
Feb-19 08:30:15.793 - [ 8750/50000] loss: 1.1222 (1.0346), acc: 48.000% (59.605%)
Feb-19 08:30:23.627 - [ 8800/50000] loss: 1.3454 (1.0321), acc: 44.000% (59.700%)
Feb-19 08:30:31.517 - [ 8850/50000] loss: 0.4214 (1.0287), acc: 92.000% (59.854%)
Feb-19 08:30:39.417 - [ 8900/50000] loss: 0.6907 (1.0283), acc: 52.000% (59.800%)
Feb-19 08:30:47.268 - [ 8950/50000] loss: 1.3360 (1.0261), acc: 52.000% (59.933%)
Feb-19 08:30:55.135 - [ 9000/50000] loss: 0.7007 (1.0231), acc: 80.000% (60.128%)
Feb-19 08:31:07.887 - [ 9000] Eval (100 episode) - loss: 1.1950 +- 0.2246, acc: 53.640 +- 10.041%
Feb-19 08:31:15.791 - [ 9050/50000] loss: 1.1625 (1.0395), acc: 40.000% (59.360%)
Feb-19 08:31:23.669 - [ 9100/50000] loss: 1.3054 (1.0005), acc: 48.000% (61.120%)
Feb-19 08:31:31.522 - [ 9150/50000] loss: 0.8908 (1.0084), acc: 68.000% (60.640%)
Feb-19 08:31:39.421 - [ 9200/50000] loss: 1.0637 (1.0052), acc: 60.000% (61.320%)
Feb-19 08:31:47.296 - [ 9250/50000] loss: 1.1391 (1.0206), acc: 60.000% (60.800%)
Feb-19 08:31:55.186 - [ 9300/50000] loss: 0.9113 (1.0237), acc: 72.000% (60.547%)
Feb-19 08:32:03.054 - [ 9350/50000] loss: 0.9278 (1.0282), acc: 56.000% (60.309%)
Feb-19 08:32:10.892 - [ 9400/50000] loss: 1.1321 (1.0243), acc: 52.000% (60.440%)
Feb-19 08:32:18.688 - [ 9450/50000] loss: 0.8029 (1.0168), acc: 68.000% (60.907%)
Feb-19 08:32:26.531 - [ 9500/50000] loss: 1.5493 (1.0162), acc: 40.000% (60.840%)
Feb-19 08:32:34.405 - [ 9550/50000] loss: 1.0431 (1.0217), acc: 64.000% (60.407%)
Feb-19 08:32:42.317 - [ 9600/50000] loss: 0.8773 (1.0258), acc: 68.000% (60.127%)
Feb-19 08:32:50.204 - [ 9650/50000] loss: 0.5753 (1.0253), acc: 88.000% (60.234%)
Feb-19 08:32:58.050 - [ 9700/50000] loss: 1.2178 (1.0239), acc: 40.000% (60.309%)
Feb-19 08:33:05.928 - [ 9750/50000] loss: 0.7094 (1.0190), acc: 68.000% (60.416%)
Feb-19 08:33:13.757 - [ 9800/50000] loss: 0.9366 (1.0207), acc: 60.000% (60.330%)
Feb-19 08:33:21.573 - [ 9850/50000] loss: 1.5227 (1.0163), acc: 36.000% (60.532%)
Feb-19 08:33:29.383 - [ 9900/50000] loss: 0.8778 (1.0126), acc: 72.000% (60.738%)
Feb-19 08:33:37.223 - [ 9950/50000] loss: 0.8536 (1.0122), acc: 72.000% (60.640%)
Feb-19 08:33:45.011 - [10000/50000] loss: 1.0254 (1.0137), acc: 56.000% (60.580%)
Feb-19 08:33:57.759 - [10000] Eval (100 episode) - loss: 1.1624 +- 0.2559, acc: 54.440 +- 10.657%
Feb-19 08:34:05.638 - [10050/50000] loss: 0.6800 (1.0010), acc: 76.000% (61.520%)
Feb-19 08:34:13.529 - [10100/50000] loss: 0.9923 (0.9799), acc: 60.000% (62.640%)
Feb-19 08:34:21.405 - [10150/50000] loss: 0.9459 (0.9794), acc: 64.000% (62.587%)
Feb-19 08:34:29.239 - [10200/50000] loss: 1.4666 (0.9648), acc: 52.000% (63.440%)
Feb-19 08:34:37.109 - [10250/50000] loss: 1.1314 (0.9606), acc: 72.000% (63.616%)
Feb-19 08:34:45.007 - [10300/50000] loss: 0.8368 (0.9684), acc: 68.000% (63.200%)
Feb-19 08:34:52.875 - [10350/50000] loss: 0.9841 (0.9802), acc: 64.000% (62.766%)
Feb-19 08:35:00.767 - [10400/50000] loss: 1.4667 (0.9873), acc: 28.000% (62.190%)
Feb-19 08:35:08.579 - [10450/50000] loss: 0.9249 (0.9897), acc: 56.000% (61.956%)
Feb-19 08:35:16.480 - [10500/50000] loss: 1.0973 (0.9859), acc: 52.000% (62.136%)
Feb-19 08:35:24.347 - [10550/50000] loss: 0.6207 (0.9872), acc: 76.000% (62.029%)
Feb-19 08:35:32.254 - [10600/50000] loss: 1.2299 (0.9887), acc: 44.000% (61.900%)
Feb-19 08:35:40.150 - [10650/50000] loss: 0.9605 (0.9891), acc: 72.000% (61.957%)
Feb-19 08:35:48.036 - [10700/50000] loss: 0.7724 (0.9915), acc: 68.000% (61.869%)
Feb-19 08:35:55.864 - [10750/50000] loss: 0.8074 (0.9886), acc: 72.000% (62.027%)
Feb-19 08:36:03.749 - [10800/50000] loss: 1.0204 (0.9873), acc: 60.000% (62.035%)
Feb-19 08:36:11.632 - [10850/50000] loss: 0.8716 (0.9865), acc: 68.000% (62.038%)
Feb-19 08:36:19.503 - [10900/50000] loss: 1.0900 (0.9884), acc: 64.000% (62.000%)
Feb-19 08:36:27.334 - [10950/50000] loss: 1.1094 (0.9895), acc: 52.000% (61.949%)
Feb-19 08:36:35.218 - [11000/50000] loss: 1.1123 (0.9881), acc: 52.000% (62.028%)
Feb-19 08:36:48.007 - [11000] Eval (100 episode) - loss: 1.1889 +- 0.2538, acc: 53.880 +- 11.872%
Feb-19 08:36:55.889 - [11050/50000] loss: 1.0680 (0.9636), acc: 48.000% (64.000%)
Feb-19 08:37:03.779 - [11100/50000] loss: 0.8398 (0.9858), acc: 64.000% (61.640%)
Feb-19 08:37:11.635 - [11150/50000] loss: 1.3081 (1.0013), acc: 44.000% (60.800%)
Feb-19 08:37:19.501 - [11200/50000] loss: 1.4086 (0.9966), acc: 32.000% (61.060%)
Feb-19 08:37:27.362 - [11250/50000] loss: 1.0644 (1.0114), acc: 52.000% (60.368%)
Feb-19 08:37:35.236 - [11300/50000] loss: 1.6048 (1.0034), acc: 40.000% (60.720%)
Feb-19 08:37:43.111 - [11350/50000] loss: 0.9520 (1.0023), acc: 72.000% (60.949%)
Feb-19 08:37:50.985 - [11400/50000] loss: 0.7587 (0.9948), acc: 76.000% (61.150%)
Feb-19 08:37:58.812 - [11450/50000] loss: 0.9083 (0.9938), acc: 68.000% (61.360%)
Feb-19 08:38:06.713 - [11500/50000] loss: 0.7449 (0.9881), acc: 84.000% (61.640%)
Feb-19 08:38:14.595 - [11550/50000] loss: 0.7761 (0.9835), acc: 68.000% (61.738%)
Feb-19 08:38:22.470 - [11600/50000] loss: 1.1305 (0.9866), acc: 44.000% (61.707%)
Feb-19 08:38:30.358 - [11650/50000] loss: 0.6803 (0.9853), acc: 80.000% (61.803%)
Feb-19 08:38:38.181 - [11700/50000] loss: 1.1626 (0.9864), acc: 48.000% (61.714%)
Feb-19 08:38:46.025 - [11750/50000] loss: 0.7938 (0.9829), acc: 72.000% (61.963%)
Feb-19 08:38:53.900 - [11800/50000] loss: 0.7153 (0.9804), acc: 64.000% (62.075%)
Feb-19 08:39:01.767 - [11850/50000] loss: 0.7081 (0.9817), acc: 72.000% (62.009%)
Feb-19 08:39:09.637 - [11900/50000] loss: 0.7782 (0.9846), acc: 72.000% (61.907%)
Feb-19 08:39:17.524 - [11950/50000] loss: 1.1061 (0.9862), acc: 60.000% (61.836%)
Feb-19 08:39:25.348 - [12000/50000] loss: 1.2320 (0.9852), acc: 48.000% (61.868%)
Feb-19 08:39:38.163 - [12000] Eval (100 episode) - loss: 1.0972 +- 0.2522, acc: 57.360 +- 12.332%
Feb-19 08:39:38.164 - * Best accuracy so far *

Feb-19 08:39:46.066 - [12050/50000] loss: 1.2072 (0.9066), acc: 60.000% (64.240%)
Feb-19 08:39:53.930 - [12100/50000] loss: 0.8018 (0.9638), acc: 64.000% (61.840%)
Feb-19 08:40:01.769 - [12150/50000] loss: 1.5636 (0.9635), acc: 24.000% (62.507%)
Feb-19 08:40:09.623 - [12200/50000] loss: 1.0085 (0.9682), acc: 64.000% (62.700%)
Feb-19 08:40:17.487 - [12250/50000] loss: 1.1145 (0.9703), acc: 52.000% (62.192%)
Feb-19 08:40:25.385 - [12300/50000] loss: 1.6113 (0.9684), acc: 36.000% (62.200%)
Feb-19 08:40:33.285 - [12350/50000] loss: 0.8096 (0.9663), acc: 72.000% (62.434%)
Feb-19 08:40:41.077 - [12400/50000] loss: 0.8933 (0.9660), acc: 64.000% (62.630%)
Feb-19 08:40:48.910 - [12450/50000] loss: 0.8177 (0.9678), acc: 68.000% (62.613%)
Feb-19 08:40:56.747 - [12500/50000] loss: 0.6857 (0.9667), acc: 72.000% (62.520%)
Feb-19 08:41:04.612 - [12550/50000] loss: 1.3635 (0.9672), acc: 44.000% (62.567%)
Feb-19 08:41:12.477 - [12600/50000] loss: 1.3132 (0.9690), acc: 56.000% (62.593%)
Feb-19 08:41:20.371 - [12650/50000] loss: 1.0423 (0.9703), acc: 60.000% (62.523%)
Feb-19 08:41:28.178 - [12700/50000] loss: 0.5027 (0.9667), acc: 92.000% (62.703%)
Feb-19 08:41:36.009 - [12750/50000] loss: 1.3192 (0.9681), acc: 48.000% (62.747%)
Feb-19 08:41:43.839 - [12800/50000] loss: 1.1438 (0.9689), acc: 56.000% (62.685%)
Feb-19 08:41:51.694 - [12850/50000] loss: 0.7754 (0.9663), acc: 72.000% (62.800%)
Feb-19 08:41:59.596 - [12900/50000] loss: 0.8001 (0.9651), acc: 72.000% (62.840%)
Feb-19 08:42:07.434 - [12950/50000] loss: 0.9812 (0.9648), acc: 64.000% (62.876%)
Feb-19 08:42:15.283 - [13000/50000] loss: 0.8838 (0.9644), acc: 72.000% (62.884%)
Feb-19 08:42:27.967 - [13000] Eval (100 episode) - loss: 1.1575 +- 0.2312, acc: 54.120 +- 12.046%
Feb-19 08:42:35.809 - [13050/50000] loss: 0.7647 (0.9457), acc: 68.000% (64.480%)
Feb-19 08:42:43.652 - [13100/50000] loss: 0.8890 (0.9350), acc: 72.000% (64.440%)
Feb-19 08:42:51.434 - [13150/50000] loss: 0.8078 (0.9409), acc: 76.000% (64.400%)
Feb-19 08:42:59.271 - [13200/50000] loss: 0.7471 (0.9614), acc: 68.000% (63.420%)
Feb-19 08:43:07.138 - [13250/50000] loss: 0.9068 (0.9608), acc: 68.000% (63.296%)
Feb-19 08:43:15.017 - [13300/50000] loss: 1.0562 (0.9513), acc: 64.000% (63.827%)
Feb-19 08:43:22.892 - [13350/50000] loss: 0.8185 (0.9568), acc: 56.000% (63.566%)
Feb-19 08:43:30.719 - [13400/50000] loss: 0.5335 (0.9532), acc: 84.000% (63.550%)
Feb-19 08:43:38.514 - [13450/50000] loss: 1.0659 (0.9499), acc: 60.000% (63.671%)
Feb-19 08:43:46.381 - [13500/50000] loss: 1.0401 (0.9528), acc: 60.000% (63.488%)
Feb-19 08:43:54.257 - [13550/50000] loss: 1.0936 (0.9515), acc: 48.000% (63.425%)
Feb-19 08:44:02.106 - [13600/50000] loss: 0.7021 (0.9518), acc: 84.000% (63.420%)
Feb-19 08:44:09.943 - [13650/50000] loss: 0.8076 (0.9555), acc: 76.000% (63.311%)
Feb-19 08:44:17.735 - [13700/50000] loss: 0.6432 (0.9570), acc: 80.000% (63.297%)
Feb-19 08:44:25.572 - [13750/50000] loss: 1.1251 (0.9596), acc: 56.000% (63.248%)
Feb-19 08:44:33.394 - [13800/50000] loss: 0.6796 (0.9590), acc: 80.000% (63.315%)
Feb-19 08:44:41.240 - [13850/50000] loss: 0.5943 (0.9588), acc: 80.000% (63.318%)
Feb-19 08:44:49.074 - [13900/50000] loss: 0.8539 (0.9611), acc: 76.000% (63.236%)
Feb-19 08:44:56.959 - [13950/50000] loss: 0.9672 (0.9600), acc: 52.000% (63.301%)
Feb-19 08:45:04.797 - [14000/50000] loss: 1.0530 (0.9615), acc: 60.000% (63.280%)
Feb-19 08:45:17.585 - [14000] Eval (100 episode) - loss: 1.1247 +- 0.2282, acc: 55.720 +- 11.679%
Feb-19 08:45:25.470 - [14050/50000] loss: 0.7981 (0.9483), acc: 68.000% (64.320%)
Feb-19 08:45:33.301 - [14100/50000] loss: 1.3792 (0.9520), acc: 52.000% (63.480%)
Feb-19 08:45:41.198 - [14150/50000] loss: 1.0820 (0.9525), acc: 60.000% (64.107%)
Feb-19 08:45:49.133 - [14200/50000] loss: 1.0803 (0.9503), acc: 64.000% (64.180%)
Feb-19 08:45:57.116 - [14250/50000] loss: 0.9832 (0.9529), acc: 64.000% (63.776%)
Feb-19 08:46:05.089 - [14300/50000] loss: 0.7282 (0.9473), acc: 68.000% (63.920%)
Feb-19 08:46:13.074 - [14350/50000] loss: 1.5566 (0.9510), acc: 36.000% (63.657%)
Feb-19 08:46:20.993 - [14400/50000] loss: 1.1845 (0.9491), acc: 52.000% (63.620%)
Feb-19 08:46:28.938 - [14450/50000] loss: 0.9592 (0.9465), acc: 60.000% (63.733%)
Feb-19 08:46:36.887 - [14500/50000] loss: 1.4427 (0.9542), acc: 40.000% (63.456%)
Feb-19 08:46:44.859 - [14550/50000] loss: 0.9295 (0.9542), acc: 48.000% (63.389%)
Feb-19 08:46:52.807 - [14600/50000] loss: 1.0037 (0.9587), acc: 68.000% (63.333%)
Feb-19 08:47:00.715 - [14650/50000] loss: 1.0628 (0.9607), acc: 56.000% (63.335%)
Feb-19 08:47:08.573 - [14700/50000] loss: 1.0391 (0.9630), acc: 64.000% (63.206%)
Feb-19 08:47:16.463 - [14750/50000] loss: 0.5907 (0.9610), acc: 80.000% (63.291%)
Feb-19 08:47:24.309 - [14800/50000] loss: 0.6952 (0.9587), acc: 76.000% (63.360%)
Feb-19 08:47:32.193 - [14850/50000] loss: 0.5690 (0.9585), acc: 76.000% (63.346%)
Feb-19 08:47:40.077 - [14900/50000] loss: 1.4855 (0.9617), acc: 36.000% (63.196%)
Feb-19 08:47:47.930 - [14950/50000] loss: 1.0542 (0.9615), acc: 64.000% (63.200%)
Feb-19 08:47:55.821 - [15000/50000] loss: 1.0894 (0.9624), acc: 68.000% (63.156%)
Feb-19 08:48:08.633 - [15000] Eval (100 episode) - loss: 1.1522 +- 0.2410, acc: 54.120 +- 10.946%
Feb-19 08:48:16.510 - [15050/50000] loss: 0.8903 (0.9730), acc: 76.000% (62.480%)
Feb-19 08:48:24.392 - [15100/50000] loss: 1.6316 (0.9449), acc: 48.000% (64.240%)
Feb-19 08:48:32.233 - [15150/50000] loss: 0.5256 (0.9444), acc: 84.000% (64.000%)
Feb-19 08:48:40.067 - [15200/50000] loss: 1.0133 (0.9522), acc: 60.000% (63.720%)
Feb-19 08:48:47.920 - [15250/50000] loss: 1.0927 (0.9493), acc: 64.000% (63.776%)
Feb-19 08:48:55.811 - [15300/50000] loss: 0.4476 (0.9499), acc: 88.000% (63.480%)
Feb-19 08:49:03.692 - [15350/50000] loss: 1.1788 (0.9467), acc: 52.000% (63.577%)
Feb-19 08:49:11.564 - [15400/50000] loss: 0.8845 (0.9524), acc: 68.000% (63.400%)
Feb-19 08:49:19.365 - [15450/50000] loss: 1.1216 (0.9548), acc: 52.000% (63.236%)
Feb-19 08:49:27.253 - [15500/50000] loss: 0.8111 (0.9536), acc: 68.000% (63.184%)
Feb-19 08:49:35.082 - [15550/50000] loss: 1.1398 (0.9576), acc: 60.000% (62.902%)
Feb-19 08:49:42.910 - [15600/50000] loss: 0.8144 (0.9535), acc: 68.000% (63.080%)
Feb-19 08:49:50.756 - [15650/50000] loss: 0.7383 (0.9525), acc: 80.000% (63.169%)
Feb-19 08:49:58.660 - [15700/50000] loss: 0.7032 (0.9482), acc: 68.000% (63.349%)
Feb-19 08:50:06.536 - [15750/50000] loss: 0.6227 (0.9455), acc: 80.000% (63.419%)
Feb-19 08:50:14.393 - [15800/50000] loss: 1.1745 (0.9452), acc: 56.000% (63.410%)
Feb-19 08:50:22.239 - [15850/50000] loss: 0.7033 (0.9448), acc: 76.000% (63.416%)
Feb-19 08:50:30.129 - [15900/50000] loss: 0.8866 (0.9389), acc: 64.000% (63.640%)
Feb-19 08:50:37.941 - [15950/50000] loss: 0.6991 (0.9388), acc: 80.000% (63.684%)
Feb-19 08:50:45.823 - [16000/50000] loss: 0.9566 (0.9351), acc: 68.000% (63.844%)
Feb-19 08:50:58.546 - [16000] Eval (100 episode) - loss: 1.1283 +- 0.2596, acc: 56.200 +- 11.319%
Feb-19 08:51:06.452 - [16050/50000] loss: 0.8897 (0.9689), acc: 68.000% (61.200%)
Feb-19 08:51:14.304 - [16100/50000] loss: 0.9783 (0.9447), acc: 60.000% (63.120%)
Feb-19 08:51:22.168 - [16150/50000] loss: 0.8539 (0.9422), acc: 68.000% (63.360%)
Feb-19 08:51:30.036 - [16200/50000] loss: 0.9023 (0.9509), acc: 60.000% (63.020%)
Feb-19 08:51:37.898 - [16250/50000] loss: 0.9279 (0.9499), acc: 64.000% (62.912%)
Feb-19 08:51:45.786 - [16300/50000] loss: 0.8805 (0.9470), acc: 60.000% (63.133%)
Feb-19 08:51:53.665 - [16350/50000] loss: 0.8052 (0.9437), acc: 76.000% (63.269%)
Feb-19 08:52:01.524 - [16400/50000] loss: 1.0427 (0.9456), acc: 68.000% (63.330%)
Feb-19 08:52:09.419 - [16450/50000] loss: 0.9016 (0.9507), acc: 68.000% (62.978%)
Feb-19 08:52:17.306 - [16500/50000] loss: 1.2633 (0.9472), acc: 44.000% (63.152%)
Feb-19 08:52:25.193 - [16550/50000] loss: 0.6510 (0.9484), acc: 84.000% (63.113%)
Feb-19 08:52:33.074 - [16600/50000] loss: 1.2397 (0.9476), acc: 48.000% (63.167%)
Feb-19 08:52:40.923 - [16650/50000] loss: 0.7919 (0.9447), acc: 72.000% (63.305%)
Feb-19 08:52:48.776 - [16700/50000] loss: 0.8584 (0.9462), acc: 60.000% (63.297%)
Feb-19 08:52:56.674 - [16750/50000] loss: 1.0853 (0.9518), acc: 52.000% (63.120%)
Feb-19 08:53:04.551 - [16800/50000] loss: 0.8858 (0.9505), acc: 68.000% (63.150%)
Feb-19 08:53:12.427 - [16850/50000] loss: 0.9134 (0.9504), acc: 68.000% (63.200%)
Feb-19 08:53:20.295 - [16900/50000] loss: 0.8322 (0.9470), acc: 64.000% (63.298%)
Feb-19 08:53:28.134 - [16950/50000] loss: 0.8147 (0.9452), acc: 68.000% (63.469%)
Feb-19 08:53:36.015 - [17000/50000] loss: 1.2542 (0.9456), acc: 40.000% (63.492%)
Feb-19 08:53:48.844 - [17000] Eval (100 episode) - loss: 1.1104 +- 0.2409, acc: 56.280 +- 11.189%
Feb-19 08:53:56.728 - [17050/50000] loss: 0.9117 (0.9016), acc: 72.000% (66.960%)
Feb-19 08:54:04.616 - [17100/50000] loss: 1.0237 (0.9209), acc: 68.000% (65.400%)
Feb-19 08:54:12.416 - [17150/50000] loss: 0.8588 (0.9245), acc: 68.000% (64.987%)
Feb-19 08:54:20.327 - [17200/50000] loss: 0.8867 (0.9339), acc: 60.000% (64.420%)
Feb-19 08:54:28.218 - [17250/50000] loss: 0.6540 (0.9277), acc: 80.000% (64.400%)
Feb-19 08:54:36.115 - [17300/50000] loss: 0.8306 (0.9223), acc: 76.000% (64.587%)
Feb-19 08:54:43.949 - [17350/50000] loss: 0.6970 (0.9257), acc: 84.000% (64.537%)
Feb-19 08:54:51.839 - [17400/50000] loss: 1.0030 (0.9222), acc: 60.000% (64.710%)
Feb-19 08:54:59.721 - [17450/50000] loss: 0.6948 (0.9208), acc: 84.000% (64.898%)
Feb-19 08:55:07.610 - [17500/50000] loss: 1.1199 (0.9190), acc: 60.000% (65.056%)
Feb-19 08:55:15.481 - [17550/50000] loss: 0.7760 (0.9247), acc: 68.000% (64.793%)
Feb-19 08:55:23.385 - [17600/50000] loss: 0.7817 (0.9277), acc: 68.000% (64.653%)
Feb-19 08:55:31.214 - [17650/50000] loss: 1.2199 (0.9292), acc: 56.000% (64.763%)
Feb-19 08:55:39.085 - [17700/50000] loss: 0.7232 (0.9302), acc: 72.000% (64.646%)
Feb-19 08:55:46.918 - [17750/50000] loss: 0.6794 (0.9267), acc: 68.000% (64.683%)
Feb-19 08:55:54.754 - [17800/50000] loss: 0.9563 (0.9261), acc: 68.000% (64.675%)
Feb-19 08:56:02.642 - [17850/50000] loss: 0.8241 (0.9258), acc: 60.000% (64.593%)
Feb-19 08:56:10.539 - [17900/50000] loss: 0.8146 (0.9286), acc: 68.000% (64.493%)
Feb-19 08:56:18.384 - [17950/50000] loss: 0.9779 (0.9308), acc: 60.000% (64.408%)
Feb-19 08:56:26.269 - [18000/50000] loss: 1.2321 (0.9296), acc: 56.000% (64.496%)
Feb-19 08:56:39.096 - [18000] Eval (100 episode) - loss: 1.1111 +- 0.2904, acc: 57.680 +- 11.692%
Feb-19 08:56:39.096 - * Best accuracy so far *

Feb-19 08:56:46.990 - [18050/50000] loss: 0.6878 (0.9719), acc: 80.000% (61.120%)
Feb-19 08:56:54.830 - [18100/50000] loss: 0.7662 (0.9736), acc: 68.000% (61.680%)
Feb-19 08:57:02.699 - [18150/50000] loss: 0.8501 (0.9496), acc: 68.000% (62.827%)
Feb-19 08:57:10.546 - [18200/50000] loss: 0.9888 (0.9462), acc: 64.000% (63.640%)
Feb-19 08:57:18.446 - [18250/50000] loss: 1.8114 (0.9410), acc: 44.000% (63.792%)
Feb-19 08:57:26.337 - [18300/50000] loss: 0.9857 (0.9311), acc: 48.000% (64.000%)
Feb-19 08:57:34.218 - [18350/50000] loss: 1.6568 (0.9335), acc: 28.000% (63.909%)
Feb-19 08:57:42.058 - [18400/50000] loss: 0.5640 (0.9299), acc: 84.000% (64.070%)
Feb-19 08:57:49.943 - [18450/50000] loss: 1.0282 (0.9290), acc: 52.000% (64.098%)
Feb-19 08:57:57.843 - [18500/50000] loss: 0.6119 (0.9303), acc: 80.000% (64.256%)
Feb-19 08:58:05.642 - [18550/50000] loss: 0.8773 (0.9284), acc: 68.000% (64.189%)
Feb-19 08:58:13.539 - [18600/50000] loss: 1.0461 (0.9284), acc: 56.000% (64.167%)
Feb-19 08:58:21.407 - [18650/50000] loss: 0.7134 (0.9236), acc: 76.000% (64.406%)
Feb-19 08:58:29.232 - [18700/50000] loss: 1.0571 (0.9266), acc: 52.000% (64.309%)
Feb-19 08:58:37.104 - [18750/50000] loss: 0.7180 (0.9246), acc: 72.000% (64.411%)
Feb-19 08:58:44.935 - [18800/50000] loss: 0.7545 (0.9209), acc: 72.000% (64.585%)
Feb-19 08:58:52.776 - [18850/50000] loss: 0.6649 (0.9218), acc: 72.000% (64.508%)
Feb-19 08:59:00.588 - [18900/50000] loss: 1.2730 (0.9258), acc: 44.000% (64.373%)
Feb-19 08:59:08.442 - [18950/50000] loss: 0.7792 (0.9251), acc: 72.000% (64.371%)
Feb-19 08:59:16.319 - [19000/50000] loss: 0.9009 (0.9259), acc: 68.000% (64.276%)
Feb-19 08:59:29.132 - [19000] Eval (100 episode) - loss: 1.1079 +- 0.2657, acc: 55.760 +- 12.596%
Feb-19 08:59:37.026 - [19050/50000] loss: 0.7183 (0.9705), acc: 76.000% (63.440%)
Feb-19 08:59:44.865 - [19100/50000] loss: 1.2355 (0.9349), acc: 52.000% (63.960%)
Feb-19 08:59:52.758 - [19150/50000] loss: 0.9852 (0.9177), acc: 56.000% (65.093%)
Feb-19 09:00:00.658 - [19200/50000] loss: 1.2648 (0.9236), acc: 52.000% (64.900%)
Feb-19 09:00:08.500 - [19250/50000] loss: 0.7779 (0.9265), acc: 72.000% (64.896%)
Feb-19 09:00:16.347 - [19300/50000] loss: 0.8258 (0.9202), acc: 68.000% (65.213%)
Feb-19 09:00:24.170 - [19350/50000] loss: 0.5453 (0.9222), acc: 76.000% (65.051%)
Feb-19 09:00:32.051 - [19400/50000] loss: 0.6546 (0.9217), acc: 80.000% (65.080%)
Feb-19 09:00:39.963 - [19450/50000] loss: 0.5316 (0.9225), acc: 72.000% (64.924%)
Feb-19 09:00:47.834 - [19500/50000] loss: 1.1708 (0.9228), acc: 60.000% (64.888%)
Feb-19 09:00:55.705 - [19550/50000] loss: 0.6779 (0.9233), acc: 72.000% (64.858%)
Feb-19 09:01:03.539 - [19600/50000] loss: 1.1601 (0.9264), acc: 60.000% (64.707%)
Feb-19 09:01:11.395 - [19650/50000] loss: 0.9020 (0.9269), acc: 60.000% (64.726%)
Feb-19 09:01:19.268 - [19700/50000] loss: 0.8048 (0.9269), acc: 68.000% (64.674%)
Feb-19 09:01:27.168 - [19750/50000] loss: 1.1142 (0.9245), acc: 64.000% (64.779%)
Feb-19 09:01:35.047 - [19800/50000] loss: 1.0234 (0.9289), acc: 60.000% (64.585%)
Feb-19 09:01:42.872 - [19850/50000] loss: 1.2357 (0.9289), acc: 52.000% (64.598%)
Feb-19 09:01:50.783 - [19900/50000] loss: 0.4482 (0.9264), acc: 88.000% (64.667%)
Feb-19 09:01:58.620 - [19950/50000] loss: 0.9304 (0.9236), acc: 60.000% (64.695%)
Feb-19 09:02:06.488 - [20000/50000] loss: 0.4823 (0.9250), acc: 84.000% (64.620%)
Feb-19 09:02:19.277 - [20000] Eval (100 episode) - loss: 1.0790 +- 0.2322, acc: 56.880 +- 11.684%
Feb-19 09:02:27.120 - [20050/50000] loss: 0.9463 (0.9478), acc: 64.000% (64.640%)
Feb-19 09:02:34.924 - [20100/50000] loss: 1.6727 (0.9474), acc: 32.000% (63.800%)
Feb-19 09:02:42.750 - [20150/50000] loss: 0.6860 (0.9507), acc: 72.000% (63.467%)
Feb-19 09:02:50.635 - [20200/50000] loss: 1.3509 (0.9500), acc: 44.000% (63.500%)
Feb-19 09:02:58.551 - [20250/50000] loss: 0.7579 (0.9432), acc: 68.000% (63.792%)
Feb-19 09:03:06.434 - [20300/50000] loss: 1.2907 (0.9407), acc: 64.000% (64.120%)
Feb-19 09:03:14.256 - [20350/50000] loss: 1.2126 (0.9388), acc: 52.000% (64.137%)
Feb-19 09:03:22.084 - [20400/50000] loss: 1.6965 (0.9336), acc: 32.000% (64.270%)
Feb-19 09:03:29.951 - [20450/50000] loss: 1.2843 (0.9332), acc: 60.000% (64.418%)
Feb-19 09:03:37.810 - [20500/50000] loss: 0.7385 (0.9291), acc: 72.000% (64.616%)
Feb-19 09:03:45.663 - [20550/50000] loss: 0.8519 (0.9258), acc: 64.000% (64.684%)
Feb-19 09:03:53.452 - [20600/50000] loss: 0.9541 (0.9271), acc: 68.000% (64.700%)
Feb-19 09:04:01.308 - [20650/50000] loss: 0.9472 (0.9213), acc: 72.000% (64.960%)
Feb-19 09:04:09.203 - [20700/50000] loss: 0.8781 (0.9205), acc: 72.000% (65.046%)
Feb-19 09:04:17.089 - [20750/50000] loss: 0.8833 (0.9207), acc: 60.000% (64.912%)
Feb-19 09:04:24.987 - [20800/50000] loss: 0.9799 (0.9228), acc: 68.000% (64.805%)
Feb-19 09:04:32.829 - [20850/50000] loss: 1.1276 (0.9209), acc: 48.000% (65.045%)
Feb-19 09:04:40.603 - [20900/50000] loss: 0.4807 (0.9235), acc: 88.000% (64.911%)
Feb-19 09:04:48.467 - [20950/50000] loss: 0.9815 (0.9238), acc: 56.000% (64.872%)
Feb-19 09:04:56.330 - [21000/50000] loss: 0.8910 (0.9239), acc: 68.000% (64.912%)
Feb-19 09:05:09.066 - [21000] Eval (100 episode) - loss: 1.0798 +- 0.2506, acc: 58.360 +- 11.072%
Feb-19 09:05:09.066 - * Best accuracy so far *

Feb-19 09:05:16.954 - [21050/50000] loss: 0.5434 (0.8940), acc: 88.000% (66.400%)
Feb-19 09:05:24.796 - [21100/50000] loss: 0.6946 (0.9053), acc: 72.000% (65.080%)
Feb-19 09:05:32.669 - [21150/50000] loss: 0.9161 (0.9262), acc: 60.000% (64.187%)
Feb-19 09:05:40.573 - [21200/50000] loss: 1.2029 (0.9188), acc: 48.000% (64.480%)
Feb-19 09:05:48.419 - [21250/50000] loss: 0.6504 (0.9106), acc: 84.000% (65.040%)
Feb-19 09:05:56.234 - [21300/50000] loss: 0.5080 (0.9052), acc: 80.000% (65.240%)
Feb-19 09:06:04.031 - [21350/50000] loss: 1.0922 (0.9032), acc: 60.000% (65.189%)
Feb-19 09:06:11.895 - [21400/50000] loss: 0.6312 (0.9006), acc: 84.000% (65.470%)
Feb-19 09:06:19.749 - [21450/50000] loss: 1.0002 (0.8996), acc: 56.000% (65.484%)
Feb-19 09:06:27.657 - [21500/50000] loss: 0.8432 (0.9006), acc: 64.000% (65.560%)
Feb-19 09:06:35.535 - [21550/50000] loss: 1.0691 (0.9027), acc: 72.000% (65.549%)
Feb-19 09:06:43.413 - [21600/50000] loss: 0.8179 (0.9030), acc: 68.000% (65.460%)
Feb-19 09:06:51.179 - [21650/50000] loss: 1.3092 (0.9064), acc: 56.000% (65.391%)
Feb-19 09:06:59.066 - [21700/50000] loss: 1.2120 (0.9063), acc: 56.000% (65.411%)
Feb-19 09:07:06.947 - [21750/50000] loss: 0.7774 (0.9059), acc: 72.000% (65.531%)
Feb-19 09:07:14.855 - [21800/50000] loss: 0.5671 (0.9044), acc: 80.000% (65.610%)
Feb-19 09:07:22.721 - [21850/50000] loss: 1.0401 (0.9041), acc: 64.000% (65.600%)
Feb-19 09:07:30.588 - [21900/50000] loss: 0.5699 (0.9035), acc: 76.000% (65.569%)
Feb-19 09:07:38.358 - [21950/50000] loss: 1.1632 (0.9027), acc: 56.000% (65.579%)
Feb-19 09:07:46.200 - [22000/50000] loss: 1.1836 (0.9034), acc: 64.000% (65.504%)
Feb-19 09:07:59.002 - [22000] Eval (100 episode) - loss: 1.0856 +- 0.2170, acc: 57.360 +- 10.928%
Feb-19 09:08:06.862 - [22050/50000] loss: 0.8797 (0.8826), acc: 64.000% (66.320%)
Feb-19 09:08:14.614 - [22100/50000] loss: 0.5690 (0.8687), acc: 80.000% (67.040%)
Feb-19 09:08:22.481 - [22150/50000] loss: 0.8959 (0.8647), acc: 64.000% (67.013%)
Feb-19 09:08:30.383 - [22200/50000] loss: 1.2893 (0.8861), acc: 44.000% (65.700%)
Feb-19 09:08:38.246 - [22250/50000] loss: 1.1737 (0.8818), acc: 56.000% (65.808%)
Feb-19 09:08:46.151 - [22300/50000] loss: 1.3819 (0.8864), acc: 48.000% (65.760%)
Feb-19 09:08:54.073 - [22350/50000] loss: 1.3978 (0.8870), acc: 40.000% (65.589%)
Feb-19 09:09:01.883 - [22400/50000] loss: 1.1543 (0.8768), acc: 44.000% (66.100%)
Feb-19 09:09:09.766 - [22450/50000] loss: 0.6818 (0.8822), acc: 76.000% (65.849%)
Feb-19 09:09:17.662 - [22500/50000] loss: 0.7329 (0.8822), acc: 72.000% (65.832%)
Feb-19 09:09:25.532 - [22550/50000] loss: 0.6182 (0.8918), acc: 84.000% (65.520%)
Feb-19 09:09:33.447 - [22600/50000] loss: 1.5915 (0.8966), acc: 36.000% (65.273%)
Feb-19 09:09:41.324 - [22650/50000] loss: 1.0086 (0.8957), acc: 68.000% (65.391%)
Feb-19 09:09:49.176 - [22700/50000] loss: 1.1455 (0.9001), acc: 52.000% (65.280%)
Feb-19 09:09:57.051 - [22750/50000] loss: 1.1685 (0.9050), acc: 60.000% (64.955%)
Feb-19 09:10:04.936 - [22800/50000] loss: 1.0650 (0.9038), acc: 52.000% (65.015%)
Feb-19 09:10:12.820 - [22850/50000] loss: 0.7283 (0.8995), acc: 68.000% (65.266%)
Feb-19 09:10:20.719 - [22900/50000] loss: 0.6067 (0.8986), acc: 80.000% (65.284%)
Feb-19 09:10:28.569 - [22950/50000] loss: 0.8948 (0.8969), acc: 60.000% (65.352%)
Feb-19 09:10:36.435 - [23000/50000] loss: 0.8940 (0.8986), acc: 68.000% (65.368%)
Feb-19 09:10:49.195 - [23000] Eval (100 episode) - loss: 1.0807 +- 0.2350, acc: 57.640 +- 10.764%
Feb-19 09:10:57.080 - [23050/50000] loss: 1.3347 (0.9313), acc: 44.000% (64.720%)
Feb-19 09:11:04.983 - [23100/50000] loss: 1.1169 (0.9347), acc: 60.000% (65.080%)
Feb-19 09:11:12.838 - [23150/50000] loss: 0.8425 (0.9051), acc: 64.000% (65.733%)
Feb-19 09:11:20.693 - [23200/50000] loss: 0.8224 (0.9069), acc: 68.000% (65.440%)
Feb-19 09:11:28.585 - [23250/50000] loss: 1.3919 (0.9042), acc: 48.000% (65.504%)
Feb-19 09:11:36.447 - [23300/50000] loss: 0.8206 (0.9096), acc: 60.000% (65.160%)
Feb-19 09:11:44.234 - [23350/50000] loss: 0.4476 (0.9029), acc: 88.000% (65.486%)
Feb-19 09:11:52.096 - [23400/50000] loss: 0.9086 (0.9083), acc: 56.000% (65.320%)
Feb-19 09:11:59.970 - [23450/50000] loss: 0.8084 (0.9069), acc: 68.000% (65.396%)
Feb-19 09:12:07.863 - [23500/50000] loss: 0.7014 (0.8990), acc: 80.000% (65.776%)
Feb-19 09:12:15.750 - [23550/50000] loss: 0.7428 (0.9009), acc: 72.000% (65.687%)
Feb-19 09:12:23.606 - [23600/50000] loss: 1.0017 (0.8997), acc: 64.000% (65.653%)
Feb-19 09:12:31.399 - [23650/50000] loss: 0.9602 (0.9011), acc: 64.000% (65.662%)
Feb-19 09:12:39.267 - [23700/50000] loss: 0.7898 (0.9003), acc: 60.000% (65.674%)
Feb-19 09:12:47.164 - [23750/50000] loss: 1.1053 (0.8989), acc: 68.000% (65.691%)
Feb-19 09:12:55.031 - [23800/50000] loss: 0.9270 (0.9032), acc: 60.000% (65.515%)
Feb-19 09:13:02.892 - [23850/50000] loss: 1.0985 (0.9022), acc: 64.000% (65.548%)
Feb-19 09:13:10.745 - [23900/50000] loss: 0.8175 (0.9016), acc: 68.000% (65.649%)
Feb-19 09:13:18.563 - [23950/50000] loss: 0.5612 (0.9021), acc: 72.000% (65.512%)
Feb-19 09:13:26.438 - [24000/50000] loss: 0.6550 (0.9039), acc: 76.000% (65.532%)
Feb-19 09:13:39.256 - [24000] Eval (100 episode) - loss: 1.0547 +- 0.2272, acc: 58.240 +- 11.625%
Feb-19 09:13:47.113 - [24050/50000] loss: 0.4578 (0.9073), acc: 88.000% (65.040%)
Feb-19 09:13:54.948 - [24100/50000] loss: 1.0642 (0.8994), acc: 56.000% (64.960%)
Feb-19 09:14:02.843 - [24150/50000] loss: 1.1236 (0.8901), acc: 48.000% (65.653%)
Feb-19 09:14:10.748 - [24200/50000] loss: 0.9042 (0.8942), acc: 76.000% (65.620%)
Feb-19 09:14:18.608 - [24250/50000] loss: 1.4350 (0.8829), acc: 44.000% (66.032%)
Feb-19 09:14:26.446 - [24300/50000] loss: 0.8357 (0.8733), acc: 60.000% (66.240%)
Feb-19 09:14:34.322 - [24350/50000] loss: 0.8911 (0.8683), acc: 64.000% (66.571%)
Feb-19 09:14:42.175 - [24400/50000] loss: 0.8493 (0.8707), acc: 80.000% (66.490%)
Feb-19 09:14:50.055 - [24450/50000] loss: 0.9793 (0.8772), acc: 44.000% (66.231%)
Feb-19 09:14:57.941 - [24500/50000] loss: 0.7321 (0.8793), acc: 68.000% (66.248%)
Feb-19 09:15:05.838 - [24550/50000] loss: 0.6659 (0.8733), acc: 72.000% (66.516%)
Feb-19 09:15:13.706 - [24600/50000] loss: 1.0271 (0.8669), acc: 64.000% (66.740%)
Feb-19 09:15:21.930 - [24650/50000] loss: 0.8911 (0.8752), acc: 64.000% (66.498%)
Feb-19 09:15:29.707 - [24700/50000] loss: 0.6422 (0.8778), acc: 80.000% (66.400%)
Feb-19 09:15:37.588 - [24750/50000] loss: 1.1087 (0.8814), acc: 44.000% (66.197%)
Feb-19 09:15:45.456 - [24800/50000] loss: 0.7096 (0.8793), acc: 52.000% (66.360%)
Feb-19 09:15:53.330 - [24850/50000] loss: 0.7682 (0.8823), acc: 72.000% (66.104%)
Feb-19 09:16:01.114 - [24900/50000] loss: 1.1689 (0.8826), acc: 56.000% (66.031%)
Feb-19 09:16:08.984 - [24950/50000] loss: 1.0012 (0.8804), acc: 68.000% (66.122%)
Feb-19 09:16:16.816 - [25000/50000] loss: 1.0716 (0.8826), acc: 60.000% (66.092%)
Feb-19 09:16:29.642 - [25000] Eval (100 episode) - loss: 1.0479 +- 0.2309, acc: 58.080 +- 11.750%
Feb-19 09:16:37.501 - [25050/50000] loss: 0.9861 (0.8396), acc: 40.000% (66.880%)
Feb-19 09:16:45.277 - [25100/50000] loss: 0.8487 (0.8760), acc: 64.000% (66.160%)
Feb-19 09:16:53.103 - [25150/50000] loss: 0.6476 (0.8732), acc: 68.000% (66.507%)
Feb-19 09:17:00.979 - [25200/50000] loss: 1.4797 (0.8868), acc: 36.000% (65.700%)
Feb-19 09:17:08.861 - [25250/50000] loss: 0.5945 (0.8781), acc: 84.000% (66.368%)
Feb-19 09:17:16.675 - [25300/50000] loss: 0.7326 (0.8778), acc: 72.000% (66.280%)
Feb-19 09:17:24.556 - [25350/50000] loss: 0.7117 (0.8718), acc: 76.000% (66.731%)
Feb-19 09:17:32.427 - [25400/50000] loss: 1.3480 (0.8769), acc: 56.000% (66.730%)
Feb-19 09:17:40.283 - [25450/50000] loss: 0.6867 (0.8824), acc: 76.000% (66.542%)
Feb-19 09:17:48.144 - [25500/50000] loss: 1.2151 (0.8838), acc: 52.000% (66.408%)
Feb-19 09:17:56.008 - [25550/50000] loss: 0.3930 (0.8815), acc: 92.000% (66.436%)
Feb-19 09:18:04.025 - [25600/50000] loss: 1.0026 (0.8774), acc: 68.000% (66.607%)
Feb-19 09:18:11.837 - [25650/50000] loss: 0.5799 (0.8804), acc: 88.000% (66.511%)
Feb-19 09:18:19.667 - [25700/50000] loss: 0.9109 (0.8794), acc: 68.000% (66.486%)
Feb-19 09:18:27.535 - [25750/50000] loss: 1.1017 (0.8804), acc: 64.000% (66.363%)
Feb-19 09:18:35.435 - [25800/50000] loss: 0.7990 (0.8807), acc: 68.000% (66.315%)
Feb-19 09:18:43.287 - [25850/50000] loss: 0.5827 (0.8824), acc: 84.000% (66.259%)
Feb-19 09:18:51.179 - [25900/50000] loss: 0.8431 (0.8824), acc: 56.000% (66.316%)
Feb-19 09:18:58.959 - [25950/50000] loss: 1.0242 (0.8809), acc: 68.000% (66.480%)
Feb-19 09:19:06.862 - [26000/50000] loss: 0.6946 (0.8835), acc: 68.000% (66.388%)
Feb-19 09:19:19.655 - [26000] Eval (100 episode) - loss: 1.0768 +- 0.2436, acc: 56.640 +- 12.116%
Feb-19 09:19:27.510 - [26050/50000] loss: 0.9237 (0.7769), acc: 64.000% (68.800%)
Feb-19 09:19:35.352 - [26100/50000] loss: 0.7449 (0.8151), acc: 80.000% (68.040%)
Feb-19 09:19:43.198 - [26150/50000] loss: 0.9883 (0.8392), acc: 68.000% (67.600%)
Feb-19 09:19:51.084 - [26200/50000] loss: 0.7933 (0.8723), acc: 64.000% (66.680%)
Feb-19 09:19:58.968 - [26250/50000] loss: 0.9019 (0.8659), acc: 52.000% (67.168%)
Feb-19 09:20:06.839 - [26300/50000] loss: 0.8771 (0.8760), acc: 52.000% (66.560%)
Feb-19 09:20:14.720 - [26350/50000] loss: 0.9645 (0.8800), acc: 52.000% (66.217%)
Feb-19 09:20:22.478 - [26400/50000] loss: 0.7526 (0.8796), acc: 76.000% (66.220%)
Feb-19 09:20:30.356 - [26450/50000] loss: 1.1250 (0.8828), acc: 48.000% (66.044%)
Feb-19 09:20:38.239 - [26500/50000] loss: 1.2212 (0.8854), acc: 52.000% (65.992%)
Feb-19 09:20:46.105 - [26550/50000] loss: 1.3652 (0.8883), acc: 40.000% (66.007%)
Feb-19 09:20:54.026 - [26600/50000] loss: 1.2411 (0.8873), acc: 48.000% (66.000%)
Feb-19 09:21:01.842 - [26650/50000] loss: 0.4823 (0.8849), acc: 80.000% (65.975%)
Feb-19 09:21:09.677 - [26700/50000] loss: 1.0890 (0.8878), acc: 56.000% (65.857%)
Feb-19 09:21:17.525 - [26750/50000] loss: 0.9970 (0.8852), acc: 64.000% (65.867%)
Feb-19 09:21:25.372 - [26800/50000] loss: 0.5600 (0.8807), acc: 80.000% (66.065%)
Feb-19 09:21:33.192 - [26850/50000] loss: 0.5591 (0.8767), acc: 88.000% (66.259%)
Feb-19 09:21:41.035 - [26900/50000] loss: 0.7963 (0.8781), acc: 64.000% (66.164%)
Feb-19 09:21:48.923 - [26950/50000] loss: 0.7878 (0.8788), acc: 68.000% (66.072%)
Feb-19 09:21:56.838 - [27000/50000] loss: 1.0003 (0.8784), acc: 60.000% (66.100%)
Feb-19 09:22:09.649 - [27000] Eval (100 episode) - loss: 1.0301 +- 0.2399, acc: 60.760 +- 10.979%
Feb-19 09:22:09.649 - * Best accuracy so far *

Feb-19 09:22:17.512 - [27050/50000] loss: 0.6170 (0.8567), acc: 72.000% (66.720%)
Feb-19 09:22:25.310 - [27100/50000] loss: 0.9275 (0.8592), acc: 60.000% (66.880%)
Feb-19 09:22:33.151 - [27150/50000] loss: 0.8646 (0.8698), acc: 76.000% (66.453%)
Feb-19 09:22:40.970 - [27200/50000] loss: 0.7436 (0.8888), acc: 72.000% (65.900%)
Feb-19 09:22:48.834 - [27250/50000] loss: 0.7735 (0.8877), acc: 64.000% (65.920%)
Feb-19 09:22:56.728 - [27300/50000] loss: 0.8643 (0.8925), acc: 72.000% (65.707%)
Feb-19 09:23:04.581 - [27350/50000] loss: 1.1161 (0.8967), acc: 68.000% (65.714%)
Feb-19 09:23:12.441 - [27400/50000] loss: 0.5878 (0.8877), acc: 76.000% (66.270%)
Feb-19 09:23:20.310 - [27450/50000] loss: 0.7791 (0.8877), acc: 64.000% (66.213%)
Feb-19 09:23:28.177 - [27500/50000] loss: 0.6085 (0.8886), acc: 80.000% (66.280%)
Feb-19 09:23:36.062 - [27550/50000] loss: 0.8757 (0.8888), acc: 68.000% (66.058%)
Feb-19 09:23:43.946 - [27600/50000] loss: 0.7123 (0.8859), acc: 68.000% (66.187%)
Feb-19 09:23:51.719 - [27650/50000] loss: 0.8110 (0.8853), acc: 76.000% (66.215%)
Feb-19 09:23:59.599 - [27700/50000] loss: 0.4643 (0.8851), acc: 92.000% (66.303%)
Feb-19 09:24:07.478 - [27750/50000] loss: 1.2600 (0.8838), acc: 48.000% (66.299%)
Feb-19 09:24:15.359 - [27800/50000] loss: 0.7624 (0.8833), acc: 68.000% (66.405%)
Feb-19 09:24:23.232 - [27850/50000] loss: 1.1228 (0.8811), acc: 56.000% (66.508%)
Feb-19 09:24:31.143 - [27900/50000] loss: 0.8967 (0.8821), acc: 60.000% (66.471%)
Feb-19 09:24:38.994 - [27950/50000] loss: 0.5823 (0.8812), acc: 76.000% (66.459%)
Feb-19 09:24:46.872 - [28000/50000] loss: 1.0762 (0.8844), acc: 56.000% (66.332%)
Feb-19 09:24:59.605 - [28000] Eval (100 episode) - loss: 1.1045 +- 0.2315, acc: 56.440 +- 10.149%
Feb-19 09:25:07.407 - [28050/50000] loss: 0.6014 (0.8669), acc: 80.000% (66.720%)
Feb-19 09:25:15.260 - [28100/50000] loss: 0.8523 (0.8941), acc: 68.000% (65.280%)
Feb-19 09:25:23.152 - [28150/50000] loss: 0.8063 (0.8998), acc: 56.000% (65.040%)
Feb-19 09:25:31.048 - [28200/50000] loss: 0.9038 (0.8835), acc: 60.000% (65.840%)
Feb-19 09:25:38.952 - [28250/50000] loss: 0.6231 (0.8736), acc: 80.000% (66.368%)
Feb-19 09:25:46.798 - [28300/50000] loss: 0.7593 (0.8810), acc: 80.000% (66.120%)
Feb-19 09:25:54.572 - [28350/50000] loss: 0.5712 (0.8774), acc: 80.000% (66.137%)
Feb-19 09:26:02.437 - [28400/50000] loss: 0.8146 (0.8750), acc: 64.000% (66.240%)
Feb-19 09:26:10.320 - [28450/50000] loss: 0.6576 (0.8698), acc: 80.000% (66.480%)
Feb-19 09:26:18.143 - [28500/50000] loss: 0.7573 (0.8658), acc: 68.000% (66.760%)
Feb-19 09:26:25.989 - [28550/50000] loss: 1.0200 (0.8659), acc: 56.000% (66.836%)
Feb-19 09:26:34.109 - [28600/50000] loss: 0.7054 (0.8701), acc: 76.000% (66.653%)
Feb-19 09:26:41.983 - [28650/50000] loss: 1.6676 (0.8736), acc: 36.000% (66.566%)
Feb-19 09:26:49.840 - [28700/50000] loss: 0.6032 (0.8738), acc: 84.000% (66.594%)
Feb-19 09:26:57.713 - [28750/50000] loss: 0.7702 (0.8772), acc: 72.000% (66.416%)
Feb-19 09:27:05.598 - [28800/50000] loss: 0.8119 (0.8765), acc: 80.000% (66.415%)
Feb-19 09:27:13.433 - [28850/50000] loss: 1.2715 (0.8770), acc: 48.000% (66.438%)
Feb-19 09:27:21.265 - [28900/50000] loss: 0.8085 (0.8771), acc: 64.000% (66.387%)
Feb-19 09:27:29.137 - [28950/50000] loss: 0.9644 (0.8741), acc: 60.000% (66.404%)
Feb-19 09:27:37.035 - [29000/50000] loss: 0.4274 (0.8755), acc: 80.000% (66.404%)
Feb-19 09:27:49.777 - [29000] Eval (100 episode) - loss: 1.0459 +- 0.2642, acc: 59.720 +- 12.319%
Feb-19 09:27:57.671 - [29050/50000] loss: 0.8473 (0.9230), acc: 76.000% (64.080%)
Feb-19 09:28:05.497 - [29100/50000] loss: 1.0981 (0.8993), acc: 56.000% (65.440%)
Feb-19 09:28:13.379 - [29150/50000] loss: 1.0175 (0.9061), acc: 60.000% (65.547%)
Feb-19 09:28:21.265 - [29200/50000] loss: 0.6052 (0.9029), acc: 76.000% (65.920%)
Feb-19 09:28:29.155 - [29250/50000] loss: 1.0010 (0.8966), acc: 52.000% (65.856%)
Feb-19 09:28:37.054 - [29300/50000] loss: 1.1703 (0.8978), acc: 56.000% (65.787%)
Feb-19 09:28:44.879 - [29350/50000] loss: 0.8800 (0.8963), acc: 72.000% (65.554%)
Feb-19 09:28:52.736 - [29400/50000] loss: 0.6919 (0.8897), acc: 76.000% (65.660%)
Feb-19 09:29:00.614 - [29450/50000] loss: 1.4512 (0.8870), acc: 44.000% (65.751%)
Feb-19 09:29:08.494 - [29500/50000] loss: 0.7868 (0.8829), acc: 52.000% (66.016%)
Feb-19 09:29:16.390 - [29550/50000] loss: 0.8867 (0.8813), acc: 48.000% (66.073%)
Feb-19 09:29:24.287 - [29600/50000] loss: 0.7983 (0.8818), acc: 76.000% (66.060%)
Feb-19 09:29:32.122 - [29650/50000] loss: 0.3230 (0.8792), acc: 92.000% (66.209%)
Feb-19 09:29:40.015 - [29700/50000] loss: 1.3727 (0.8796), acc: 44.000% (66.229%)
Feb-19 09:29:47.851 - [29750/50000] loss: 0.9689 (0.8829), acc: 52.000% (66.021%)
Feb-19 09:29:55.682 - [29800/50000] loss: 0.7488 (0.8835), acc: 68.000% (65.975%)
Feb-19 09:30:03.498 - [29850/50000] loss: 0.6459 (0.8831), acc: 72.000% (65.925%)
Feb-19 09:30:11.401 - [29900/50000] loss: 0.7461 (0.8814), acc: 68.000% (66.000%)
Feb-19 09:30:19.234 - [29950/50000] loss: 0.7805 (0.8768), acc: 68.000% (66.198%)
Feb-19 09:30:27.069 - [30000/50000] loss: 1.2034 (0.8760), acc: 52.000% (66.248%)
Feb-19 09:30:39.792 - [30000] Eval (100 episode) - loss: 1.0632 +- 0.2830, acc: 59.120 +- 12.232%
Feb-19 09:30:47.578 - [30050/50000] loss: 0.7929 (0.9365), acc: 64.000% (63.760%)
Feb-19 09:30:55.414 - [30100/50000] loss: 1.0676 (0.9291), acc: 64.000% (63.640%)
Feb-19 09:31:03.280 - [30150/50000] loss: 0.5813 (0.9075), acc: 84.000% (65.173%)
Feb-19 09:31:11.150 - [30200/50000] loss: 0.7140 (0.9009), acc: 76.000% (65.440%)
Feb-19 09:31:19.002 - [30250/50000] loss: 1.2214 (0.8995), acc: 60.000% (65.744%)
Feb-19 09:31:26.915 - [30300/50000] loss: 0.5753 (0.8903), acc: 84.000% (65.920%)
Feb-19 09:31:34.744 - [30350/50000] loss: 0.4170 (0.8923), acc: 84.000% (65.794%)
Feb-19 09:31:42.591 - [30400/50000] loss: 0.9774 (0.8862), acc: 64.000% (65.920%)
Feb-19 09:31:50.414 - [30450/50000] loss: 0.7474 (0.8885), acc: 72.000% (65.973%)
Feb-19 09:31:58.280 - [30500/50000] loss: 1.0014 (0.8884), acc: 64.000% (65.864%)
Feb-19 09:32:06.171 - [30550/50000] loss: 1.0895 (0.8893), acc: 52.000% (65.804%)
Feb-19 09:32:13.963 - [30600/50000] loss: 0.8644 (0.8902), acc: 56.000% (65.853%)
Feb-19 09:32:21.804 - [30650/50000] loss: 1.6640 (0.8914), acc: 16.000% (65.680%)
Feb-19 09:32:29.703 - [30700/50000] loss: 0.8545 (0.8946), acc: 76.000% (65.611%)
Feb-19 09:32:37.596 - [30750/50000] loss: 0.6260 (0.8930), acc: 80.000% (65.733%)
Feb-19 09:32:45.459 - [30800/50000] loss: 0.7593 (0.8880), acc: 72.000% (65.960%)
Feb-19 09:32:53.315 - [30850/50000] loss: 1.0525 (0.8865), acc: 64.000% (66.005%)
Feb-19 09:33:01.090 - [30900/50000] loss: 0.8088 (0.8843), acc: 64.000% (66.102%)
Feb-19 09:33:08.986 - [30950/50000] loss: 0.6263 (0.8793), acc: 80.000% (66.328%)
Feb-19 09:33:16.872 - [31000/50000] loss: 0.6790 (0.8803), acc: 72.000% (66.244%)
Feb-19 09:33:29.624 - [31000] Eval (100 episode) - loss: 1.0760 +- 0.2614, acc: 57.360 +- 10.510%
Feb-19 09:33:37.502 - [31050/50000] loss: 0.8995 (0.8238), acc: 64.000% (68.560%)
Feb-19 09:33:45.366 - [31100/50000] loss: 0.9144 (0.8579), acc: 56.000% (67.200%)
Feb-19 09:33:53.231 - [31150/50000] loss: 0.7650 (0.8451), acc: 68.000% (67.333%)
Feb-19 09:34:01.153 - [31200/50000] loss: 0.8729 (0.8633), acc: 68.000% (66.840%)
Feb-19 09:34:09.057 - [31250/50000] loss: 0.7236 (0.8639), acc: 68.000% (67.056%)
Feb-19 09:34:16.888 - [31300/50000] loss: 0.9240 (0.8594), acc: 60.000% (67.307%)
Feb-19 09:34:24.769 - [31350/50000] loss: 0.7492 (0.8552), acc: 68.000% (67.349%)
Feb-19 09:34:32.645 - [31400/50000] loss: 0.8308 (0.8546), acc: 76.000% (67.440%)
Feb-19 09:34:40.538 - [31450/50000] loss: 1.1531 (0.8574), acc: 52.000% (67.360%)
Feb-19 09:34:48.451 - [31500/50000] loss: 0.8980 (0.8577), acc: 68.000% (67.320%)
Feb-19 09:34:56.372 - [31550/50000] loss: 0.7138 (0.8576), acc: 76.000% (67.440%)
Feb-19 09:35:04.184 - [31600/50000] loss: 0.9419 (0.8543), acc: 64.000% (67.567%)
Feb-19 09:35:12.112 - [31650/50000] loss: 0.6180 (0.8556), acc: 84.000% (67.526%)
Feb-19 09:35:19.965 - [31700/50000] loss: 0.6431 (0.8583), acc: 68.000% (67.383%)
Feb-19 09:35:27.859 - [31750/50000] loss: 1.1807 (0.8597), acc: 60.000% (67.333%)
Feb-19 09:35:35.736 - [31800/50000] loss: 0.4775 (0.8577), acc: 88.000% (67.355%)
Feb-19 09:35:43.559 - [31850/50000] loss: 0.9941 (0.8553), acc: 64.000% (67.511%)
Feb-19 09:35:51.482 - [31900/50000] loss: 0.9913 (0.8570), acc: 72.000% (67.471%)
Feb-19 09:35:59.375 - [31950/50000] loss: 1.4782 (0.8582), acc: 44.000% (67.415%)
Feb-19 09:36:07.320 - [32000/50000] loss: 0.7316 (0.8604), acc: 76.000% (67.312%)
Feb-19 09:36:20.131 - [32000] Eval (100 episode) - loss: 1.0692 +- 0.2402, acc: 57.600 +- 11.771%
Feb-19 09:36:27.980 - [32050/50000] loss: 0.4214 (0.9120), acc: 88.000% (66.880%)
Feb-19 09:36:35.885 - [32100/50000] loss: 0.8184 (0.9240), acc: 76.000% (66.280%)
Feb-19 09:36:43.746 - [32150/50000] loss: 0.5844 (0.8998), acc: 84.000% (66.720%)
Feb-19 09:36:51.643 - [32200/50000] loss: 1.1919 (0.8961), acc: 56.000% (66.680%)
Feb-19 09:36:59.513 - [32250/50000] loss: 0.7586 (0.8803), acc: 72.000% (67.408%)
Feb-19 09:37:07.354 - [32300/50000] loss: 1.5199 (0.8758), acc: 48.000% (67.493%)
Feb-19 09:37:15.139 - [32350/50000] loss: 0.6787 (0.8732), acc: 68.000% (67.394%)
Feb-19 09:37:23.024 - [32400/50000] loss: 1.1254 (0.8764), acc: 52.000% (67.300%)
Feb-19 09:37:30.876 - [32450/50000] loss: 1.5397 (0.8763), acc: 44.000% (67.396%)
Feb-19 09:37:38.732 - [32500/50000] loss: 0.7402 (0.8712), acc: 72.000% (67.384%)
Feb-19 09:37:46.612 - [32550/50000] loss: 0.9659 (0.8653), acc: 64.000% (67.447%)
Feb-19 09:37:54.440 - [32600/50000] loss: 0.6340 (0.8640), acc: 80.000% (67.453%)
Feb-19 09:38:02.317 - [32650/50000] loss: 1.3320 (0.8664), acc: 60.000% (67.342%)
Feb-19 09:38:10.197 - [32700/50000] loss: 1.0629 (0.8699), acc: 68.000% (67.183%)
Feb-19 09:38:18.077 - [32750/50000] loss: 0.9681 (0.8690), acc: 60.000% (67.120%)
Feb-19 09:38:25.955 - [32800/50000] loss: 1.0768 (0.8698), acc: 56.000% (67.035%)
Feb-19 09:38:33.837 - [32850/50000] loss: 1.0305 (0.8727), acc: 60.000% (66.908%)
Feb-19 09:38:41.680 - [32900/50000] loss: 0.7462 (0.8748), acc: 76.000% (66.711%)
Feb-19 09:38:49.573 - [32950/50000] loss: 0.7885 (0.8739), acc: 72.000% (66.796%)
Feb-19 09:38:57.426 - [33000/50000] loss: 0.7857 (0.8718), acc: 72.000% (66.784%)
Feb-19 09:39:10.211 - [33000] Eval (100 episode) - loss: 1.0140 +- 0.2675, acc: 59.840 +- 11.578%
Feb-19 09:39:18.103 - [33050/50000] loss: 0.6043 (0.8596), acc: 80.000% (67.120%)
Feb-19 09:39:25.966 - [33100/50000] loss: 1.0479 (0.8932), acc: 48.000% (65.200%)
Feb-19 09:39:33.828 - [33150/50000] loss: 0.8942 (0.8890), acc: 64.000% (65.600%)
Feb-19 09:39:41.752 - [33200/50000] loss: 0.7841 (0.8644), acc: 64.000% (66.840%)
Feb-19 09:39:49.641 - [33250/50000] loss: 0.9268 (0.8614), acc: 56.000% (66.864%)
Feb-19 09:39:57.494 - [33300/50000] loss: 0.5932 (0.8616), acc: 88.000% (67.000%)
Feb-19 09:40:05.412 - [33350/50000] loss: 1.1131 (0.8665), acc: 60.000% (66.720%)
Feb-19 09:40:13.292 - [33400/50000] loss: 0.8033 (0.8713), acc: 72.000% (66.580%)
Feb-19 09:40:21.125 - [33450/50000] loss: 1.1293 (0.8659), acc: 52.000% (66.738%)
Feb-19 09:40:28.976 - [33500/50000] loss: 1.8602 (0.8703), acc: 28.000% (66.552%)
Feb-19 09:40:36.844 - [33550/50000] loss: 1.0644 (0.8720), acc: 52.000% (66.538%)
Feb-19 09:40:44.670 - [33600/50000] loss: 0.6515 (0.8690), acc: 68.000% (66.693%)
Feb-19 09:40:52.559 - [33650/50000] loss: 1.0772 (0.8726), acc: 56.000% (66.615%)
Feb-19 09:41:00.461 - [33700/50000] loss: 1.1324 (0.8704), acc: 68.000% (66.760%)
Feb-19 09:41:08.369 - [33750/50000] loss: 0.7826 (0.8694), acc: 60.000% (66.832%)
Feb-19 09:41:16.301 - [33800/50000] loss: 0.6917 (0.8698), acc: 68.000% (66.920%)
Feb-19 09:41:24.196 - [33850/50000] loss: 0.9375 (0.8679), acc: 64.000% (67.035%)
Feb-19 09:41:32.078 - [33900/50000] loss: 0.8591 (0.8689), acc: 68.000% (67.009%)
Feb-19 09:41:40.039 - [33950/50000] loss: 1.0380 (0.8678), acc: 72.000% (67.069%)
Feb-19 09:41:47.920 - [34000/50000] loss: 0.8796 (0.8676), acc: 60.000% (67.012%)
Feb-19 09:42:00.752 - [34000] Eval (100 episode) - loss: 1.1104 +- 0.2895, acc: 56.920 +- 11.931%
Feb-19 09:42:08.542 - [34050/50000] loss: 0.6114 (0.9105), acc: 84.000% (65.120%)
Feb-19 09:42:16.410 - [34100/50000] loss: 0.9649 (0.8725), acc: 60.000% (66.240%)
Feb-19 09:42:24.323 - [34150/50000] loss: 1.1734 (0.8914), acc: 56.000% (65.733%)
Feb-19 09:42:32.176 - [34200/50000] loss: 1.2769 (0.9040), acc: 40.000% (64.920%)
Feb-19 09:42:40.031 - [34250/50000] loss: 0.7087 (0.8862), acc: 80.000% (65.744%)
Feb-19 09:42:47.924 - [34300/50000] loss: 0.5888 (0.8790), acc: 72.000% (65.987%)
Feb-19 09:42:55.759 - [34350/50000] loss: 0.8474 (0.8828), acc: 68.000% (65.749%)
Feb-19 09:43:03.611 - [34400/50000] loss: 0.8188 (0.8803), acc: 68.000% (65.900%)
Feb-19 09:43:11.491 - [34450/50000] loss: 0.5714 (0.8718), acc: 84.000% (66.444%)
Feb-19 09:43:19.346 - [34500/50000] loss: 0.9864 (0.8727), acc: 64.000% (66.488%)
Feb-19 09:43:27.173 - [34550/50000] loss: 0.9195 (0.8685), acc: 64.000% (66.698%)
Feb-19 09:43:35.063 - [34600/50000] loss: 0.8053 (0.8651), acc: 72.000% (66.807%)
Feb-19 09:43:42.943 - [34650/50000] loss: 1.0787 (0.8650), acc: 56.000% (66.794%)
Feb-19 09:43:50.808 - [34700/50000] loss: 1.5788 (0.8670), acc: 36.000% (66.783%)
Feb-19 09:43:58.681 - [34750/50000] loss: 0.8455 (0.8661), acc: 64.000% (66.837%)
Feb-19 09:44:06.555 - [34800/50000] loss: 1.0339 (0.8662), acc: 56.000% (66.910%)
Feb-19 09:44:14.397 - [34850/50000] loss: 0.6476 (0.8683), acc: 80.000% (66.809%)
Feb-19 09:44:22.267 - [34900/50000] loss: 0.9357 (0.8694), acc: 76.000% (66.729%)
Feb-19 09:44:30.126 - [34950/50000] loss: 0.9750 (0.8695), acc: 60.000% (66.766%)
Feb-19 09:44:38.029 - [35000/50000] loss: 0.8602 (0.8710), acc: 64.000% (66.708%)
Feb-19 09:44:50.846 - [35000] Eval (100 episode) - loss: 1.0282 +- 0.2548, acc: 60.480 +- 11.233%
Feb-19 09:44:58.809 - [35050/50000] loss: 1.4203 (0.8970), acc: 40.000% (64.960%)
Feb-19 09:45:06.733 - [35100/50000] loss: 0.6169 (0.8847), acc: 84.000% (66.000%)
Feb-19 09:45:14.714 - [35150/50000] loss: 1.2245 (0.8814), acc: 56.000% (66.240%)
Feb-19 09:45:22.583 - [35200/50000] loss: 0.8176 (0.8679), acc: 68.000% (66.840%)
Feb-19 09:45:30.484 - [35250/50000] loss: 0.6874 (0.8795), acc: 84.000% (66.976%)
Feb-19 09:45:38.396 - [35300/50000] loss: 0.6930 (0.8751), acc: 72.000% (66.893%)
Feb-19 09:45:46.355 - [35350/50000] loss: 1.1669 (0.8643), acc: 40.000% (67.097%)
Feb-19 09:45:54.291 - [35400/50000] loss: 0.6441 (0.8609), acc: 76.000% (67.140%)
Feb-19 09:46:02.179 - [35450/50000] loss: 1.0913 (0.8604), acc: 52.000% (67.191%)
Feb-19 09:46:10.096 - [35500/50000] loss: 0.6180 (0.8579), acc: 80.000% (67.256%)
Feb-19 09:46:18.022 - [35550/50000] loss: 1.1745 (0.8611), acc: 52.000% (67.084%)
Feb-19 09:46:25.881 - [35600/50000] loss: 0.7272 (0.8673), acc: 68.000% (66.893%)
Feb-19 09:46:33.798 - [35650/50000] loss: 1.1510 (0.8659), acc: 60.000% (66.972%)
Feb-19 09:46:41.746 - [35700/50000] loss: 0.6487 (0.8631), acc: 76.000% (67.177%)
Feb-19 09:46:49.651 - [35750/50000] loss: 0.9506 (0.8657), acc: 60.000% (67.083%)
Feb-19 09:46:57.581 - [35800/50000] loss: 0.7795 (0.8652), acc: 80.000% (67.210%)
Feb-19 09:47:05.558 - [35850/50000] loss: 0.9347 (0.8639), acc: 52.000% (67.167%)
Feb-19 09:47:13.505 - [35900/50000] loss: 0.7719 (0.8589), acc: 80.000% (67.320%)
Feb-19 09:47:21.397 - [35950/50000] loss: 0.8258 (0.8595), acc: 76.000% (67.242%)
Feb-19 09:47:29.302 - [36000/50000] loss: 0.9765 (0.8626), acc: 60.000% (67.076%)
Feb-19 09:47:42.110 - [36000] Eval (100 episode) - loss: 1.0846 +- 0.2280, acc: 57.640 +- 11.428%
Feb-19 09:47:49.991 - [36050/50000] loss: 1.0922 (0.8367), acc: 52.000% (68.000%)
Feb-19 09:47:57.885 - [36100/50000] loss: 0.5111 (0.8491), acc: 88.000% (67.120%)
Feb-19 09:48:05.773 - [36150/50000] loss: 1.0281 (0.8356), acc: 52.000% (67.520%)
Feb-19 09:48:13.643 - [36200/50000] loss: 0.8539 (0.8500), acc: 68.000% (67.020%)
Feb-19 09:48:21.519 - [36250/50000] loss: 0.8985 (0.8563), acc: 68.000% (66.848%)
Feb-19 09:48:29.432 - [36300/50000] loss: 0.7149 (0.8426), acc: 80.000% (67.493%)
Feb-19 09:48:37.324 - [36350/50000] loss: 1.0112 (0.8464), acc: 64.000% (67.269%)
Feb-19 09:48:45.249 - [36400/50000] loss: 1.1424 (0.8537), acc: 56.000% (67.160%)
Feb-19 09:48:53.127 - [36450/50000] loss: 0.8025 (0.8471), acc: 60.000% (67.422%)
Feb-19 09:49:01.020 - [36500/50000] loss: 0.7282 (0.8495), acc: 68.000% (67.224%)
Feb-19 09:49:08.887 - [36550/50000] loss: 0.3092 (0.8570), acc: 92.000% (67.091%)
Feb-19 09:49:16.782 - [36600/50000] loss: 1.5230 (0.8565), acc: 48.000% (67.213%)
Feb-19 09:49:24.664 - [36650/50000] loss: 0.4230 (0.8567), acc: 92.000% (67.188%)
Feb-19 09:49:32.550 - [36700/50000] loss: 0.6912 (0.8514), acc: 72.000% (67.383%)
Feb-19 09:49:40.432 - [36750/50000] loss: 1.0215 (0.8504), acc: 64.000% (67.360%)
Feb-19 09:49:48.310 - [36800/50000] loss: 0.6656 (0.8508), acc: 68.000% (67.430%)
Feb-19 09:49:56.115 - [36850/50000] loss: 0.6181 (0.8517), acc: 72.000% (67.464%)
Feb-19 09:50:03.985 - [36900/50000] loss: 1.0670 (0.8504), acc: 60.000% (67.391%)
Feb-19 09:50:11.922 - [36950/50000] loss: 0.5463 (0.8489), acc: 92.000% (67.486%)
Feb-19 09:50:19.863 - [37000/50000] loss: 0.9800 (0.8504), acc: 68.000% (67.448%)
Feb-19 09:50:32.726 - [37000] Eval (100 episode) - loss: 1.0698 +- 0.2368, acc: 57.240 +- 11.492%
Feb-19 09:50:40.607 - [37050/50000] loss: 0.7613 (0.8836), acc: 72.000% (64.720%)
Feb-19 09:50:48.503 - [37100/50000] loss: 0.5411 (0.8574), acc: 80.000% (66.000%)
Feb-19 09:50:56.314 - [37150/50000] loss: 0.6403 (0.8923), acc: 76.000% (65.440%)
Feb-19 09:51:04.200 - [37200/50000] loss: 1.1433 (0.9005), acc: 60.000% (65.380%)
Feb-19 09:51:12.106 - [37250/50000] loss: 0.6878 (0.8882), acc: 76.000% (66.160%)
Feb-19 09:51:19.960 - [37300/50000] loss: 1.1475 (0.8840), acc: 52.000% (66.227%)
Feb-19 09:51:27.939 - [37350/50000] loss: 0.9486 (0.8882), acc: 52.000% (65.977%)
Feb-19 09:51:36.026 - [37400/50000] loss: 0.7917 (0.8856), acc: 72.000% (66.080%)
Feb-19 09:51:44.355 - [37450/50000] loss: 0.6434 (0.8871), acc: 76.000% (66.107%)
Feb-19 09:51:52.746 - [37500/50000] loss: 0.8916 (0.8835), acc: 72.000% (66.488%)
Feb-19 09:52:01.152 - [37550/50000] loss: 1.1002 (0.8813), acc: 60.000% (66.618%)
Feb-19 09:52:09.522 - [37600/50000] loss: 1.1174 (0.8795), acc: 60.000% (66.747%)
Feb-19 09:52:17.896 - [37650/50000] loss: 0.7417 (0.8779), acc: 72.000% (66.757%)
Feb-19 09:52:26.318 - [37700/50000] loss: 0.4902 (0.8774), acc: 92.000% (66.766%)
Feb-19 09:52:34.674 - [37750/50000] loss: 0.7336 (0.8710), acc: 72.000% (66.960%)
Feb-19 09:52:43.027 - [37800/50000] loss: 0.9604 (0.8685), acc: 56.000% (66.985%)
Feb-19 09:52:51.386 - [37850/50000] loss: 0.3762 (0.8676), acc: 92.000% (67.064%)
Feb-19 09:52:59.781 - [37900/50000] loss: 0.6348 (0.8675), acc: 72.000% (67.044%)
Feb-19 09:53:08.179 - [37950/50000] loss: 0.8293 (0.8677), acc: 72.000% (67.015%)
Feb-19 09:53:16.564 - [38000/50000] loss: 0.6826 (0.8641), acc: 80.000% (67.116%)
Feb-19 09:53:30.059 - [38000] Eval (100 episode) - loss: 1.0683 +- 0.2791, acc: 58.360 +- 12.612%
Feb-19 09:53:38.435 - [38050/50000] loss: 0.7858 (0.8682), acc: 76.000% (68.800%)
Feb-19 09:53:46.859 - [38100/50000] loss: 0.8188 (0.8568), acc: 64.000% (68.120%)
Feb-19 09:53:55.262 - [38150/50000] loss: 0.6411 (0.8558), acc: 72.000% (68.053%)
Feb-19 09:54:03.683 - [38200/50000] loss: 0.6516 (0.8647), acc: 72.000% (67.860%)
Feb-19 09:54:12.036 - [38250/50000] loss: 1.0077 (0.8597), acc: 52.000% (67.664%)
Feb-19 09:54:19.988 - [38300/50000] loss: 0.8986 (0.8436), acc: 68.000% (68.333%)
Feb-19 09:54:27.815 - [38350/50000] loss: 0.7463 (0.8381), acc: 64.000% (68.411%)
Feb-19 09:54:35.702 - [38400/50000] loss: 0.5658 (0.8466), acc: 80.000% (68.130%)
Feb-19 09:54:43.607 - [38450/50000] loss: 1.0153 (0.8457), acc: 60.000% (67.929%)
Feb-19 09:54:51.578 - [38500/50000] loss: 1.0739 (0.8517), acc: 60.000% (67.728%)
Feb-19 09:54:59.512 - [38550/50000] loss: 0.7499 (0.8505), acc: 76.000% (67.804%)
Feb-19 09:55:07.817 - [38600/50000] loss: 0.8069 (0.8556), acc: 68.000% (67.553%)
Feb-19 09:55:16.229 - [38650/50000] loss: 0.8144 (0.8564), acc: 68.000% (67.428%)
Feb-19 09:55:24.603 - [38700/50000] loss: 0.7001 (0.8543), acc: 68.000% (67.451%)
Feb-19 09:55:32.967 - [38750/50000] loss: 0.8351 (0.8534), acc: 68.000% (67.509%)
Feb-19 09:55:41.375 - [38800/50000] loss: 0.5219 (0.8512), acc: 76.000% (67.535%)
Feb-19 09:55:49.689 - [38850/50000] loss: 0.4875 (0.8511), acc: 84.000% (67.595%)
Feb-19 09:55:58.093 - [38900/50000] loss: 0.6966 (0.8522), acc: 64.000% (67.440%)
Feb-19 09:56:06.455 - [38950/50000] loss: 1.0387 (0.8538), acc: 60.000% (67.415%)
Feb-19 09:56:14.789 - [39000/50000] loss: 0.6388 (0.8554), acc: 76.000% (67.304%)
Feb-19 09:56:27.979 - [39000] Eval (100 episode) - loss: 1.0767 +- 0.2206, acc: 58.160 +- 11.432%
Feb-19 09:56:36.397 - [39050/50000] loss: 0.4920 (0.8187), acc: 80.000% (69.280%)
Feb-19 09:56:44.810 - [39100/50000] loss: 0.8948 (0.8455), acc: 64.000% (68.000%)
Feb-19 09:56:53.176 - [39150/50000] loss: 0.8653 (0.8448), acc: 64.000% (67.813%)
Feb-19 09:57:01.594 - [39200/50000] loss: 1.3450 (0.8518), acc: 36.000% (67.640%)
Feb-19 09:57:10.181 - [39250/50000] loss: 1.3607 (0.8590), acc: 40.000% (67.152%)
Feb-19 09:57:18.517 - [39300/50000] loss: 0.7936 (0.8591), acc: 68.000% (67.067%)
Feb-19 09:57:26.932 - [39350/50000] loss: 0.5525 (0.8674), acc: 84.000% (66.526%)
Feb-19 09:57:35.298 - [39400/50000] loss: 0.5637 (0.8633), acc: 72.000% (66.700%)
Feb-19 09:57:43.650 - [39450/50000] loss: 0.9698 (0.8646), acc: 68.000% (66.640%)
Feb-19 09:57:51.952 - [39500/50000] loss: 0.7817 (0.8639), acc: 72.000% (66.512%)
Feb-19 09:58:00.355 - [39550/50000] loss: 0.8911 (0.8631), acc: 72.000% (66.545%)
Feb-19 09:58:08.730 - [39600/50000] loss: 0.7528 (0.8593), acc: 72.000% (66.740%)
Feb-19 09:58:17.129 - [39650/50000] loss: 1.7343 (0.8592), acc: 48.000% (66.843%)
Feb-19 09:58:25.519 - [39700/50000] loss: 0.8550 (0.8571), acc: 68.000% (66.903%)
Feb-19 09:58:33.892 - [39750/50000] loss: 1.1073 (0.8617), acc: 52.000% (66.683%)
Feb-19 09:58:42.216 - [39800/50000] loss: 0.7104 (0.8577), acc: 68.000% (66.870%)
Feb-19 09:58:50.606 - [39850/50000] loss: 0.6440 (0.8553), acc: 72.000% (66.984%)
Feb-19 09:58:59.001 - [39900/50000] loss: 1.1439 (0.8559), acc: 52.000% (66.951%)
Feb-19 09:59:07.383 - [39950/50000] loss: 0.8887 (0.8566), acc: 60.000% (66.935%)
Feb-19 09:59:15.781 - [40000/50000] loss: 1.0005 (0.8599), acc: 72.000% (66.824%)
Feb-19 09:59:29.438 - [40000] Eval (100 episode) - loss: 1.0210 +- 0.2292, acc: 58.640 +- 11.443%
Feb-19 09:59:37.764 - [40050/50000] loss: 0.4570 (0.8678), acc: 84.000% (66.640%)
Feb-19 09:59:46.164 - [40100/50000] loss: 0.8177 (0.8697), acc: 68.000% (65.920%)
Feb-19 09:59:54.588 - [40150/50000] loss: 1.0617 (0.8830), acc: 60.000% (65.600%)
Feb-19 10:00:02.988 - [40200/50000] loss: 1.0680 (0.8694), acc: 68.000% (66.160%)
Feb-19 10:00:11.342 - [40250/50000] loss: 0.7569 (0.8595), acc: 68.000% (66.656%)
Feb-19 10:00:19.784 - [40300/50000] loss: 0.5542 (0.8598), acc: 80.000% (66.600%)
Feb-19 10:00:28.194 - [40350/50000] loss: 0.5999 (0.8517), acc: 84.000% (67.051%)
Feb-19 10:00:36.597 - [40400/50000] loss: 1.0999 (0.8521), acc: 60.000% (67.020%)
Feb-19 10:00:45.000 - [40450/50000] loss: 0.6753 (0.8519), acc: 72.000% (67.040%)
Feb-19 10:00:53.449 - [40500/50000] loss: 0.5429 (0.8584), acc: 72.000% (66.792%)
Feb-19 10:01:01.812 - [40550/50000] loss: 0.9288 (0.8567), acc: 60.000% (66.967%)
Feb-19 10:01:10.239 - [40600/50000] loss: 0.4281 (0.8571), acc: 84.000% (66.860%)
Feb-19 10:01:18.666 - [40650/50000] loss: 1.0734 (0.8542), acc: 60.000% (67.089%)
Feb-19 10:01:27.046 - [40700/50000] loss: 0.5913 (0.8568), acc: 80.000% (67.109%)
Feb-19 10:01:35.453 - [40750/50000] loss: 0.7910 (0.8577), acc: 72.000% (67.200%)
Feb-19 10:01:43.784 - [40800/50000] loss: 0.5071 (0.8582), acc: 84.000% (67.275%)
Feb-19 10:01:52.096 - [40850/50000] loss: 1.0947 (0.8615), acc: 56.000% (67.167%)
Feb-19 10:02:00.478 - [40900/50000] loss: 1.2777 (0.8627), acc: 56.000% (67.129%)
Feb-19 10:02:08.850 - [40950/50000] loss: 0.8851 (0.8597), acc: 68.000% (67.314%)
Feb-19 10:02:17.229 - [41000/50000] loss: 0.9072 (0.8627), acc: 68.000% (67.128%)
Feb-19 10:02:30.860 - [41000] Eval (100 episode) - loss: 1.0519 +- 0.2436, acc: 59.000 +- 11.653%
Feb-19 10:02:39.236 - [41050/50000] loss: 0.5726 (0.9015), acc: 80.000% (66.400%)
Feb-19 10:02:47.586 - [41100/50000] loss: 1.2335 (0.8945), acc: 60.000% (66.000%)
Feb-19 10:02:55.924 - [41150/50000] loss: 0.9706 (0.8735), acc: 60.000% (66.773%)
Feb-19 10:03:04.337 - [41200/50000] loss: 0.8908 (0.8721), acc: 52.000% (66.560%)
Feb-19 10:03:12.684 - [41250/50000] loss: 0.6652 (0.8686), acc: 76.000% (66.704%)
Feb-19 10:03:21.085 - [41300/50000] loss: 0.8123 (0.8739), acc: 60.000% (66.640%)
Feb-19 10:03:29.416 - [41350/50000] loss: 1.1115 (0.8704), acc: 44.000% (66.709%)
Feb-19 10:03:37.737 - [41400/50000] loss: 0.8870 (0.8626), acc: 60.000% (66.890%)
Feb-19 10:03:46.085 - [41450/50000] loss: 0.6836 (0.8654), acc: 76.000% (66.631%)
Feb-19 10:03:54.355 - [41500/50000] loss: 1.2991 (0.8657), acc: 32.000% (66.664%)
Feb-19 10:04:02.752 - [41550/50000] loss: 0.9436 (0.8656), acc: 68.000% (66.742%)
Feb-19 10:04:11.136 - [41600/50000] loss: 1.2031 (0.8628), acc: 56.000% (66.793%)
Feb-19 10:04:19.537 - [41650/50000] loss: 0.8677 (0.8572), acc: 64.000% (67.132%)
Feb-19 10:04:27.943 - [41700/50000] loss: 0.7127 (0.8551), acc: 72.000% (67.114%)
Feb-19 10:04:36.273 - [41750/50000] loss: 1.0230 (0.8556), acc: 68.000% (67.136%)
Feb-19 10:04:44.572 - [41800/50000] loss: 0.6185 (0.8542), acc: 80.000% (67.250%)
Feb-19 10:04:52.951 - [41850/50000] loss: 1.4041 (0.8550), acc: 60.000% (67.266%)
Feb-19 10:05:01.286 - [41900/50000] loss: 0.8378 (0.8547), acc: 56.000% (67.324%)
Feb-19 10:05:09.681 - [41950/50000] loss: 0.7397 (0.8561), acc: 68.000% (67.263%)
Feb-19 10:05:18.054 - [42000/50000] loss: 0.6337 (0.8569), acc: 76.000% (67.316%)
Feb-19 10:05:31.680 - [42000] Eval (100 episode) - loss: 1.0472 +- 0.2419, acc: 58.800 +- 11.913%
Feb-19 10:05:40.115 - [42050/50000] loss: 1.0844 (0.8210), acc: 64.000% (68.000%)
Feb-19 10:05:48.486 - [42100/50000] loss: 0.7888 (0.8538), acc: 72.000% (67.160%)
Feb-19 10:05:56.843 - [42150/50000] loss: 0.8030 (0.8549), acc: 64.000% (67.200%)
Feb-19 10:06:05.270 - [42200/50000] loss: 0.6162 (0.8700), acc: 84.000% (66.360%)
Feb-19 10:06:13.628 - [42250/50000] loss: 1.0057 (0.8645), acc: 68.000% (66.720%)
Feb-19 10:06:22.069 - [42300/50000] loss: 0.9336 (0.8527), acc: 68.000% (67.267%)
Feb-19 10:06:30.428 - [42350/50000] loss: 0.6705 (0.8553), acc: 80.000% (67.246%)
Feb-19 10:06:38.771 - [42400/50000] loss: 1.0712 (0.8518), acc: 56.000% (67.600%)
Feb-19 10:06:47.111 - [42450/50000] loss: 0.9651 (0.8507), acc: 56.000% (67.502%)
Feb-19 10:06:55.512 - [42500/50000] loss: 0.8434 (0.8504), acc: 64.000% (67.592%)
Feb-19 10:07:03.827 - [42550/50000] loss: 0.7409 (0.8528), acc: 72.000% (67.433%)
Feb-19 10:07:12.152 - [42600/50000] loss: 0.9453 (0.8521), acc: 68.000% (67.493%)
Feb-19 10:07:20.565 - [42650/50000] loss: 0.7349 (0.8523), acc: 80.000% (67.471%)
Feb-19 10:07:28.987 - [42700/50000] loss: 0.6144 (0.8524), acc: 72.000% (67.406%)
Feb-19 10:07:37.261 - [42750/50000] loss: 0.6166 (0.8488), acc: 76.000% (67.632%)
Feb-19 10:07:45.638 - [42800/50000] loss: 0.8294 (0.8486), acc: 64.000% (67.655%)
Feb-19 10:07:54.095 - [42850/50000] loss: 0.7071 (0.8482), acc: 68.000% (67.722%)
Feb-19 10:08:02.501 - [42900/50000] loss: 0.4860 (0.8457), acc: 80.000% (67.769%)
Feb-19 10:08:10.927 - [42950/50000] loss: 0.9466 (0.8446), acc: 56.000% (67.823%)
Feb-19 10:08:19.308 - [43000/50000] loss: 1.0631 (0.8448), acc: 64.000% (67.824%)
Feb-19 10:08:32.962 - [43000] Eval (100 episode) - loss: 1.0307 +- 0.2289, acc: 59.600 +- 10.484%
Feb-19 10:08:41.358 - [43050/50000] loss: 0.9775 (0.8244), acc: 76.000% (68.320%)
Feb-19 10:08:49.711 - [43100/50000] loss: 0.6546 (0.8409), acc: 68.000% (68.160%)
Feb-19 10:08:58.106 - [43150/50000] loss: 0.7984 (0.8331), acc: 80.000% (68.160%)
Feb-19 10:09:06.488 - [43200/50000] loss: 1.0544 (0.8286), acc: 60.000% (68.780%)
Feb-19 10:09:14.795 - [43250/50000] loss: 0.7101 (0.8332), acc: 72.000% (68.640%)
Feb-19 10:09:23.169 - [43300/50000] loss: 0.6759 (0.8438), acc: 84.000% (68.080%)
Feb-19 10:09:31.542 - [43350/50000] loss: 0.7033 (0.8402), acc: 76.000% (68.137%)
Feb-19 10:09:39.940 - [43400/50000] loss: 0.6546 (0.8411), acc: 72.000% (68.220%)
Feb-19 10:09:48.362 - [43450/50000] loss: 1.0987 (0.8483), acc: 56.000% (67.938%)
Feb-19 10:09:56.674 - [43500/50000] loss: 0.7390 (0.8427), acc: 60.000% (68.152%)
Feb-19 10:10:05.084 - [43550/50000] loss: 0.8400 (0.8453), acc: 64.000% (68.073%)
Feb-19 10:10:13.457 - [43600/50000] loss: 0.9044 (0.8512), acc: 60.000% (67.853%)
Feb-19 10:10:21.847 - [43650/50000] loss: 0.9781 (0.8538), acc: 52.000% (67.649%)
Feb-19 10:10:30.209 - [43700/50000] loss: 0.8798 (0.8518), acc: 76.000% (67.686%)
Feb-19 10:10:38.579 - [43750/50000] loss: 0.9131 (0.8521), acc: 48.000% (67.621%)
Feb-19 10:10:46.923 - [43800/50000] loss: 0.9476 (0.8508), acc: 60.000% (67.700%)
Feb-19 10:10:55.312 - [43850/50000] loss: 0.7294 (0.8489), acc: 72.000% (67.718%)
Feb-19 10:11:03.750 - [43900/50000] loss: 1.0636 (0.8467), acc: 60.000% (67.796%)
Feb-19 10:11:12.151 - [43950/50000] loss: 0.3859 (0.8458), acc: 80.000% (67.739%)
Feb-19 10:11:20.498 - [44000/50000] loss: 0.6615 (0.8459), acc: 80.000% (67.768%)
Feb-19 10:11:34.098 - [44000] Eval (100 episode) - loss: 1.0844 +- 0.2318, acc: 57.280 +- 10.475%
Feb-19 10:11:42.445 - [44050/50000] loss: 1.1960 (0.8452), acc: 56.000% (66.560%)
Feb-19 10:11:50.778 - [44100/50000] loss: 0.9729 (0.8649), acc: 60.000% (65.920%)
Feb-19 10:11:59.113 - [44150/50000] loss: 0.7540 (0.8449), acc: 72.000% (67.200%)
Feb-19 10:12:07.493 - [44200/50000] loss: 0.5985 (0.8335), acc: 76.000% (67.680%)
Feb-19 10:12:15.869 - [44250/50000] loss: 0.4072 (0.8371), acc: 88.000% (67.760%)
Feb-19 10:12:24.190 - [44300/50000] loss: 1.0151 (0.8415), acc: 68.000% (67.600%)
Feb-19 10:12:32.536 - [44350/50000] loss: 0.7565 (0.8429), acc: 72.000% (67.531%)
Feb-19 10:12:40.986 - [44400/50000] loss: 1.4762 (0.8417), acc: 28.000% (67.710%)
Feb-19 10:12:49.362 - [44450/50000] loss: 0.9602 (0.8392), acc: 64.000% (67.822%)
Feb-19 10:12:57.741 - [44500/50000] loss: 1.0826 (0.8496), acc: 48.000% (67.312%)
Feb-19 10:13:06.124 - [44550/50000] loss: 1.4376 (0.8521), acc: 52.000% (67.258%)
Feb-19 10:13:14.539 - [44600/50000] loss: 0.5938 (0.8530), acc: 76.000% (67.373%)
Feb-19 10:13:22.903 - [44650/50000] loss: 1.2403 (0.8530), acc: 56.000% (67.348%)
Feb-19 10:13:31.231 - [44700/50000] loss: 1.1003 (0.8543), acc: 56.000% (67.189%)
Feb-19 10:13:39.607 - [44750/50000] loss: 1.0084 (0.8537), acc: 56.000% (67.237%)
Feb-19 10:13:48.066 - [44800/50000] loss: 0.7933 (0.8555), acc: 68.000% (67.160%)
Feb-19 10:13:56.435 - [44850/50000] loss: 1.0016 (0.8526), acc: 56.000% (67.233%)
Feb-19 10:14:04.816 - [44900/50000] loss: 0.7441 (0.8540), acc: 76.000% (67.209%)
Feb-19 10:14:13.191 - [44950/50000] loss: 0.6770 (0.8510), acc: 72.000% (67.381%)
Feb-19 10:14:21.517 - [45000/50000] loss: 0.9138 (0.8501), acc: 64.000% (67.428%)
Feb-19 10:14:35.251 - [45000] Eval (100 episode) - loss: 1.0776 +- 0.2403, acc: 58.240 +- 10.109%
Feb-19 10:14:43.622 - [45050/50000] loss: 0.7541 (0.8287), acc: 76.000% (68.160%)
Feb-19 10:14:51.970 - [45100/50000] loss: 1.0187 (0.8684), acc: 52.000% (66.000%)
Feb-19 10:15:00.328 - [45150/50000] loss: 1.1121 (0.8835), acc: 56.000% (66.080%)
Feb-19 10:15:08.619 - [45200/50000] loss: 0.9017 (0.8795), acc: 72.000% (66.240%)
Feb-19 10:15:17.001 - [45250/50000] loss: 0.8695 (0.8703), acc: 68.000% (66.464%)
Feb-19 10:15:25.396 - [45300/50000] loss: 0.5793 (0.8624), acc: 84.000% (66.907%)
Feb-19 10:15:33.764 - [45350/50000] loss: 1.2602 (0.8612), acc: 68.000% (66.823%)
Feb-19 10:15:42.164 - [45400/50000] loss: 0.8601 (0.8599), acc: 68.000% (66.790%)
Feb-19 10:15:50.441 - [45450/50000] loss: 1.0263 (0.8676), acc: 52.000% (66.356%)
Feb-19 10:15:58.839 - [45500/50000] loss: 0.5956 (0.8675), acc: 84.000% (66.472%)
Feb-19 10:16:07.259 - [45550/50000] loss: 0.4082 (0.8639), acc: 88.000% (66.596%)
Feb-19 10:16:15.609 - [45600/50000] loss: 1.0151 (0.8609), acc: 60.000% (66.733%)
Feb-19 10:16:24.064 - [45650/50000] loss: 0.9756 (0.8585), acc: 60.000% (67.003%)
Feb-19 10:16:32.473 - [45700/50000] loss: 0.5696 (0.8556), acc: 80.000% (67.120%)
Feb-19 10:16:40.807 - [45750/50000] loss: 0.5350 (0.8547), acc: 80.000% (67.136%)
Feb-19 10:16:49.231 - [45800/50000] loss: 0.4372 (0.8553), acc: 84.000% (67.150%)
Feb-19 10:16:57.617 - [45850/50000] loss: 0.6123 (0.8553), acc: 72.000% (67.134%)
Feb-19 10:17:06.022 - [45900/50000] loss: 0.9386 (0.8573), acc: 60.000% (67.058%)
Feb-19 10:17:14.352 - [45950/50000] loss: 0.8333 (0.8557), acc: 76.000% (67.112%)
Feb-19 10:17:22.740 - [46000/50000] loss: 1.0020 (0.8538), acc: 68.000% (67.200%)
Feb-19 10:17:36.423 - [46000] Eval (100 episode) - loss: 1.0868 +- 0.2617, acc: 58.480 +- 10.863%
Feb-19 10:17:44.837 - [46050/50000] loss: 0.7725 (0.8464), acc: 76.000% (68.400%)
Feb-19 10:17:53.200 - [46100/50000] loss: 0.7157 (0.8369), acc: 80.000% (68.360%)
Feb-19 10:18:01.504 - [46150/50000] loss: 0.5772 (0.8436), acc: 76.000% (67.947%)
Feb-19 10:18:09.900 - [46200/50000] loss: 0.4705 (0.8436), acc: 92.000% (68.120%)
Feb-19 10:18:18.307 - [46250/50000] loss: 0.5495 (0.8320), acc: 80.000% (68.608%)
Feb-19 10:18:26.758 - [46300/50000] loss: 0.5691 (0.8328), acc: 76.000% (68.493%)
Feb-19 10:18:35.187 - [46350/50000] loss: 0.5323 (0.8302), acc: 88.000% (68.617%)
Feb-19 10:18:43.632 - [46400/50000] loss: 0.8657 (0.8368), acc: 68.000% (68.460%)
Feb-19 10:18:51.952 - [46450/50000] loss: 0.5758 (0.8379), acc: 80.000% (68.293%)
Feb-19 10:19:00.344 - [46500/50000] loss: 0.6743 (0.8440), acc: 72.000% (68.008%)
Feb-19 10:19:08.745 - [46550/50000] loss: 0.8654 (0.8500), acc: 80.000% (67.789%)
Feb-19 10:19:17.143 - [46600/50000] loss: 0.6629 (0.8512), acc: 68.000% (67.633%)
Feb-19 10:19:25.511 - [46650/50000] loss: 0.6542 (0.8522), acc: 68.000% (67.655%)
Feb-19 10:19:33.831 - [46700/50000] loss: 0.7651 (0.8544), acc: 72.000% (67.623%)
Feb-19 10:19:42.250 - [46750/50000] loss: 0.9873 (0.8554), acc: 64.000% (67.621%)
Feb-19 10:19:50.682 - [46800/50000] loss: 0.7812 (0.8576), acc: 72.000% (67.500%)
Feb-19 10:19:59.084 - [46850/50000] loss: 0.5953 (0.8577), acc: 76.000% (67.511%)
Feb-19 10:20:07.511 - [46900/50000] loss: 1.2541 (0.8562), acc: 44.000% (67.498%)
Feb-19 10:20:15.911 - [46950/50000] loss: 0.7374 (0.8540), acc: 72.000% (67.533%)
Feb-19 10:20:24.283 - [47000/50000] loss: 1.1822 (0.8581), acc: 32.000% (67.268%)
Feb-19 10:20:37.970 - [47000] Eval (100 episode) - loss: 1.0503 +- 0.2445, acc: 59.440 +- 11.342%
Feb-19 10:20:46.400 - [47050/50000] loss: 0.9842 (0.8058), acc: 68.000% (69.440%)
Feb-19 10:20:54.770 - [47100/50000] loss: 0.6944 (0.8418), acc: 80.000% (67.640%)
Feb-19 10:21:03.206 - [47150/50000] loss: 0.5373 (0.8377), acc: 84.000% (68.080%)
Feb-19 10:21:11.530 - [47200/50000] loss: 0.9674 (0.8390), acc: 60.000% (67.760%)
Feb-19 10:21:19.920 - [47250/50000] loss: 0.8802 (0.8639), acc: 56.000% (66.608%)
Feb-19 10:21:28.300 - [47300/50000] loss: 0.9865 (0.8658), acc: 64.000% (66.867%)
Feb-19 10:21:36.688 - [47350/50000] loss: 1.0222 (0.8666), acc: 48.000% (66.743%)
Feb-19 10:21:45.005 - [47400/50000] loss: 1.5011 (0.8685), acc: 64.000% (66.710%)
Feb-19 10:21:53.435 - [47450/50000] loss: 0.5619 (0.8713), acc: 80.000% (66.551%)
Feb-19 10:22:01.830 - [47500/50000] loss: 0.7791 (0.8684), acc: 60.000% (66.688%)
Feb-19 10:22:10.262 - [47550/50000] loss: 0.6320 (0.8692), acc: 80.000% (66.655%)
Feb-19 10:22:18.645 - [47600/50000] loss: 0.8880 (0.8712), acc: 64.000% (66.480%)
Feb-19 10:22:27.003 - [47650/50000] loss: 1.0372 (0.8694), acc: 60.000% (66.560%)
Feb-19 10:22:35.323 - [47700/50000] loss: 0.9963 (0.8754), acc: 60.000% (66.394%)
Feb-19 10:22:43.751 - [47750/50000] loss: 0.7555 (0.8722), acc: 72.000% (66.544%)
Feb-19 10:22:52.030 - [47800/50000] loss: 1.4685 (0.8714), acc: 32.000% (66.545%)
Feb-19 10:23:00.411 - [47850/50000] loss: 0.5119 (0.8687), acc: 84.000% (66.687%)
Feb-19 10:23:08.805 - [47900/50000] loss: 0.7164 (0.8696), acc: 68.000% (66.671%)
Feb-19 10:23:17.115 - [47950/50000] loss: 0.7114 (0.8684), acc: 72.000% (66.686%)
Feb-19 10:23:25.486 - [48000/50000] loss: 0.6243 (0.8703), acc: 76.000% (66.584%)
Feb-19 10:23:39.153 - [48000] Eval (100 episode) - loss: 1.0540 +- 0.2639, acc: 58.400 +- 12.185%
Feb-19 10:23:47.553 - [48050/50000] loss: 0.7242 (0.8580), acc: 64.000% (66.800%)
Feb-19 10:23:55.932 - [48100/50000] loss: 1.1430 (0.8812), acc: 56.000% (65.960%)
Feb-19 10:24:04.260 - [48150/50000] loss: 0.9911 (0.8945), acc: 64.000% (65.653%)
Feb-19 10:24:12.667 - [48200/50000] loss: 0.7449 (0.8679), acc: 80.000% (66.520%)
Feb-19 10:24:21.059 - [48250/50000] loss: 0.7645 (0.8653), acc: 68.000% (66.704%)
Feb-19 10:24:29.462 - [48300/50000] loss: 1.2053 (0.8684), acc: 52.000% (66.707%)
Feb-19 10:24:37.866 - [48350/50000] loss: 0.7292 (0.8629), acc: 68.000% (66.937%)
Feb-19 10:24:46.305 - [48400/50000] loss: 0.8111 (0.8546), acc: 68.000% (67.340%)
Feb-19 10:24:54.584 - [48450/50000] loss: 1.0269 (0.8594), acc: 52.000% (67.093%)
Feb-19 10:25:02.986 - [48500/50000] loss: 0.9816 (0.8568), acc: 56.000% (67.304%)
Feb-19 10:25:11.365 - [48550/50000] loss: 1.2172 (0.8534), acc: 64.000% (67.571%)
Feb-19 10:25:19.784 - [48600/50000] loss: 0.5032 (0.8523), acc: 88.000% (67.613%)
Feb-19 10:25:28.163 - [48650/50000] loss: 0.6719 (0.8497), acc: 76.000% (67.600%)
Feb-19 10:25:36.494 - [48700/50000] loss: 0.7442 (0.8521), acc: 60.000% (67.411%)
Feb-19 10:25:44.843 - [48750/50000] loss: 0.4685 (0.8507), acc: 80.000% (67.477%)
Feb-19 10:25:53.182 - [48800/50000] loss: 0.4946 (0.8537), acc: 80.000% (67.410%)
Feb-19 10:26:01.586 - [48850/50000] loss: 0.7713 (0.8506), acc: 72.000% (67.445%)
Feb-19 10:26:10.055 - [48900/50000] loss: 0.7647 (0.8487), acc: 68.000% (67.547%)
Feb-19 10:26:18.414 - [48950/50000] loss: 0.3808 (0.8502), acc: 92.000% (67.436%)
Feb-19 10:26:26.707 - [49000/50000] loss: 0.4597 (0.8474), acc: 80.000% (67.564%)
Feb-19 10:26:40.455 - [49000] Eval (100 episode) - loss: 1.0342 +- 0.2485, acc: 59.720 +- 11.360%
Feb-19 10:26:48.848 - [49050/50000] loss: 0.7378 (0.8412), acc: 76.000% (67.600%)
Feb-19 10:26:57.189 - [49100/50000] loss: 0.8925 (0.8427), acc: 60.000% (67.480%)
Feb-19 10:27:05.590 - [49150/50000] loss: 0.7929 (0.8433), acc: 68.000% (67.707%)
Feb-19 10:27:13.960 - [49200/50000] loss: 0.9935 (0.8466), acc: 56.000% (67.440%)
Feb-19 10:27:22.351 - [49250/50000] loss: 0.6739 (0.8540), acc: 72.000% (67.168%)
Feb-19 10:27:30.735 - [49300/50000] loss: 0.7383 (0.8541), acc: 72.000% (67.187%)
Feb-19 10:27:39.080 - [49350/50000] loss: 0.6383 (0.8594), acc: 88.000% (66.926%)
Feb-19 10:27:47.379 - [49400/50000] loss: 0.8387 (0.8622), acc: 64.000% (66.710%)
Feb-19 10:27:55.731 - [49450/50000] loss: 0.8337 (0.8522), acc: 72.000% (67.262%)
Feb-19 10:28:04.127 - [49500/50000] loss: 0.9254 (0.8519), acc: 60.000% (67.168%)
Feb-19 10:28:12.527 - [49550/50000] loss: 0.7549 (0.8476), acc: 76.000% (67.382%)
Feb-19 10:28:20.874 - [49600/50000] loss: 0.7580 (0.8423), acc: 68.000% (67.627%)
Feb-19 10:28:29.231 - [49650/50000] loss: 0.8733 (0.8406), acc: 64.000% (67.625%)
Feb-19 10:28:37.520 - [49700/50000] loss: 0.7311 (0.8407), acc: 72.000% (67.634%)
Feb-19 10:28:45.893 - [49750/50000] loss: 0.9774 (0.8414), acc: 60.000% (67.659%)
Feb-19 10:28:54.262 - [49800/50000] loss: 0.9697 (0.8400), acc: 52.000% (67.630%)
Feb-19 10:29:02.662 - [49850/50000] loss: 0.7382 (0.8401), acc: 68.000% (67.652%)
Feb-19 10:29:11.057 - [49900/50000] loss: 0.6716 (0.8419), acc: 76.000% (67.480%)
Feb-19 10:29:19.369 - [49950/50000] loss: 0.6596 (0.8464), acc: 76.000% (67.360%)
Feb-19 10:29:27.597 - Done
