Feb-18 02:39:57.701 - Logger created at logs-739/console.log
Feb-18 02:39:57.702 - Random Seed: 739
Feb-18 02:39:57.900 - Start training
Feb-18 02:43:38.296 - [   50/50000] loss: 1.6505 (1.6396), acc: 20.000% (21.830%)
Feb-18 02:47:04.633 - [  100/50000] loss: 1.6027 (1.6337), acc: 14.667% (21.782%)
Feb-18 02:50:28.443 - [  150/50000] loss: 1.6101 (1.6229), acc: 20.000% (22.472%)
Feb-18 02:53:58.885 - [  200/50000] loss: 1.5052 (1.6138), acc: 37.333% (23.257%)
Feb-18 02:57:24.218 - [  250/50000] loss: 1.5730 (1.5994), acc: 22.667% (24.659%)
Feb-18 03:00:49.445 - [  300/50000] loss: 1.6117 (1.5897), acc: 22.667% (25.568%)
Feb-18 03:04:24.729 - [  350/50000] loss: 1.5752 (1.5772), acc: 20.000% (26.701%)
Feb-18 03:07:52.738 - [  400/50000] loss: 1.5329 (1.5688), acc: 29.333% (27.544%)
Feb-18 03:11:19.555 - [  450/50000] loss: 1.4513 (1.5589), acc: 42.667% (28.426%)
Feb-18 03:14:55.887 - [  500/50000] loss: 1.5721 (1.5533), acc: 24.000% (28.921%)
Feb-18 03:18:22.736 - [  550/50000] loss: 1.4338 (1.5473), acc: 33.333% (29.389%)
Feb-18 03:21:49.896 - [  600/50000] loss: 1.6359 (1.5446), acc: 25.333% (29.646%)
Feb-18 03:25:17.169 - [  650/50000] loss: 1.6025 (1.5405), acc: 26.667% (29.966%)
Feb-18 03:28:44.070 - [  700/50000] loss: 1.3637 (1.5380), acc: 49.333% (30.256%)
Feb-18 03:32:10.787 - [  750/50000] loss: 1.4543 (1.5348), acc: 42.667% (30.548%)
Feb-18 03:35:37.044 - [  800/50000] loss: 1.6105 (1.5327), acc: 24.000% (30.777%)
Feb-18 03:39:03.243 - [  850/50000] loss: 1.3496 (1.5313), acc: 41.333% (30.949%)
Feb-18 03:42:43.540 - [  900/50000] loss: 1.5382 (1.5303), acc: 36.000% (31.122%)
Feb-18 03:46:12.550 - [  950/50000] loss: 1.5670 (1.5272), acc: 28.000% (31.397%)
Feb-18 03:49:40.716 - [ 1000/50000] loss: 1.5490 (1.5251), acc: 29.333% (31.599%)
Feb-18 03:55:13.802 - [ 1000] Eval (100 episode) - loss: 1.4778 +- 0.0745, acc: 35.573 +- 7.545%
Feb-18 03:55:13.815 - * Best accuracy so far *

Feb-18 03:58:39.703 - [ 1050/50000] loss: 1.5459 (1.4819), acc: 32.000% (34.613%)
Feb-18 04:02:16.446 - [ 1100/50000] loss: 1.4212 (1.4790), acc: 36.000% (34.947%)
Feb-18 04:05:43.631 - [ 1150/50000] loss: 1.7729 (1.4611), acc: 26.667% (36.258%)
Feb-18 04:09:09.787 - [ 1200/50000] loss: 1.4771 (1.4603), acc: 38.667% (36.653%)
Feb-18 04:12:35.985 - [ 1250/50000] loss: 1.5066 (1.4647), acc: 37.333% (36.517%)
Feb-18 04:16:02.451 - [ 1300/50000] loss: 1.4612 (1.4637), acc: 30.667% (36.529%)
Feb-18 04:19:30.107 - [ 1350/50000] loss: 1.3341 (1.4645), acc: 49.333% (36.571%)
Feb-18 04:23:08.283 - [ 1400/50000] loss: 1.5015 (1.4658), acc: 30.667% (36.493%)
Feb-18 04:26:37.174 - [ 1450/50000] loss: 1.2423 (1.4637), acc: 41.333% (36.530%)
Feb-18 04:30:03.975 - [ 1500/50000] loss: 1.4830 (1.4598), acc: 38.667% (36.728%)
Feb-18 04:33:30.157 - [ 1550/50000] loss: 1.3411 (1.4571), acc: 54.667% (36.982%)
Feb-18 04:36:56.302 - [ 1600/50000] loss: 1.5566 (1.4589), acc: 30.667% (36.951%)
Feb-18 04:40:22.529 - [ 1650/50000] loss: 1.3600 (1.4573), acc: 44.000% (37.118%)
Feb-18 04:43:48.806 - [ 1700/50000] loss: 1.5261 (1.4560), acc: 34.667% (37.183%)
Feb-18 04:47:28.368 - [ 1750/50000] loss: 1.2588 (1.4549), acc: 52.000% (37.358%)
Feb-18 04:50:55.373 - [ 1800/50000] loss: 1.2718 (1.4512), acc: 46.667% (37.560%)
Feb-18 04:54:22.038 - [ 1850/50000] loss: 1.5215 (1.4496), acc: 37.333% (37.617%)
Feb-18 04:57:48.396 - [ 1900/50000] loss: 1.3431 (1.4474), acc: 38.667% (37.744%)
Feb-18 05:01:15.848 - [ 1950/50000] loss: 1.4857 (1.4452), acc: 33.333% (37.879%)
Feb-18 05:04:42.987 - [ 2000/50000] loss: 1.3214 (1.4425), acc: 50.667% (38.117%)
Feb-18 05:10:12.740 - [ 2000] Eval (100 episode) - loss: 1.4291 +- 0.1182, acc: 38.707 +- 8.756%
Feb-18 05:10:12.754 - * Best accuracy so far *

Feb-18 05:13:37.076 - [ 2050/50000] loss: 1.4072 (1.4127), acc: 38.667% (40.373%)
Feb-18 05:17:13.458 - [ 2100/50000] loss: 1.4863 (1.4173), acc: 40.000% (40.520%)
Feb-18 05:20:38.054 - [ 2150/50000] loss: 1.5652 (1.4036), acc: 29.333% (41.013%)
Feb-18 05:24:02.622 - [ 2200/50000] loss: 1.2864 (1.3952), acc: 52.000% (41.260%)
Feb-18 05:27:26.142 - [ 2250/50000] loss: 1.4939 (1.3908), acc: 44.000% (41.563%)
Feb-18 05:30:49.960 - [ 2300/50000] loss: 1.6278 (1.3906), acc: 29.333% (41.582%)
Feb-18 05:34:13.538 - [ 2350/50000] loss: 1.3146 (1.3904), acc: 44.000% (41.672%)
Feb-18 05:37:37.953 - [ 2400/50000] loss: 1.3178 (1.3857), acc: 46.667% (41.957%)
Feb-18 05:41:13.610 - [ 2450/50000] loss: 1.4610 (1.3837), acc: 42.667% (42.033%)
