Mar-01 16:52:09.340 - Logger created at logs-931/console.log
Mar-01 16:52:09.340 - Random Seed: 931
Mar-01 16:52:35.731 - Start training
Mar-01 16:52:41.541 - [   50/50000] loss: 1.6294 (1.6431), acc: 20.000% (22.353%)
Mar-01 16:52:47.207 - [  100/50000] loss: 1.5784 (1.6159), acc: 24.000% (23.842%)
Mar-01 16:52:52.943 - [  150/50000] loss: 1.5122 (1.5846), acc: 32.000% (26.596%)
Mar-01 16:52:58.618 - [  200/50000] loss: 1.5265 (1.5420), acc: 24.000% (29.910%)
Mar-01 16:53:04.313 - [  250/50000] loss: 1.3909 (1.5059), acc: 36.000% (32.478%)
Mar-01 16:53:10.079 - [  300/50000] loss: 1.4761 (1.4861), acc: 48.000% (34.179%)
Mar-01 16:53:15.749 - [  350/50000] loss: 1.3725 (1.4704), acc: 44.000% (35.464%)
Mar-01 16:53:21.442 - [  400/50000] loss: 1.1721 (1.4537), acc: 52.000% (36.718%)
Mar-01 16:53:27.204 - [  450/50000] loss: 1.4560 (1.4429), acc: 20.000% (37.348%)
Mar-01 16:53:32.908 - [  500/50000] loss: 1.3503 (1.4325), acc: 44.000% (38.180%)
Mar-01 16:53:38.596 - [  550/50000] loss: 1.2214 (1.4201), acc: 44.000% (38.780%)
Mar-01 16:53:44.302 - [  600/50000] loss: 1.5768 (1.4104), acc: 36.000% (39.488%)
Mar-01 16:53:50.077 - [  650/50000] loss: 1.2128 (1.4067), acc: 56.000% (40.025%)
Mar-01 16:53:55.757 - [  700/50000] loss: 1.2281 (1.4001), acc: 48.000% (40.479%)
Mar-01 16:54:01.440 - [  750/50000] loss: 1.2911 (1.3954), acc: 56.000% (40.740%)
Mar-01 16:54:07.207 - [  800/50000] loss: 1.0994 (1.3921), acc: 60.000% (40.964%)
Mar-01 16:54:12.934 - [  850/50000] loss: 1.2236 (1.3860), acc: 40.000% (41.415%)
Mar-01 16:54:18.697 - [  900/50000] loss: 1.4543 (1.3807), acc: 36.000% (41.776%)
Mar-01 16:54:24.403 - [  950/50000] loss: 1.2288 (1.3751), acc: 60.000% (42.166%)
Mar-01 16:54:30.124 - [ 1000/50000] loss: 1.0337 (1.3716), acc: 68.000% (42.446%)
Mar-01 16:54:30.314 - [ 1000] Eval (100 episode) - loss: 1.2240 +- 0.0000, acc: 48.000 +- 0.000%
Mar-01 16:54:30.314 - * Best accuracy so far *

Mar-01 16:54:36.070 - [ 1050/50000] loss: 1.3760 (1.3202), acc: 36.000% (42.720%)
Mar-01 16:54:41.778 - [ 1100/50000] loss: 1.3815 (1.3159), acc: 44.000% (44.320%)
Mar-01 16:54:47.556 - [ 1150/50000] loss: 1.4711 (1.3060), acc: 40.000% (46.000%)
Mar-01 16:54:53.299 - [ 1200/50000] loss: 1.1016 (1.3049), acc: 64.000% (46.580%)
Mar-01 16:54:59.130 - [ 1250/50000] loss: 1.5533 (1.3030), acc: 36.000% (46.768%)
Mar-01 16:55:04.875 - [ 1300/50000] loss: 1.1399 (1.3032), acc: 56.000% (47.013%)
Mar-01 16:55:10.632 - [ 1350/50000] loss: 1.1083 (1.2944), acc: 60.000% (47.726%)
Mar-01 16:55:16.437 - [ 1400/50000] loss: 1.1613 (1.2897), acc: 52.000% (48.020%)
Mar-01 16:55:22.175 - [ 1450/50000] loss: 1.1522 (1.2864), acc: 44.000% (48.098%)
Mar-01 16:55:27.990 - [ 1500/50000] loss: 1.0435 (1.2885), acc: 60.000% (47.888%)
Mar-01 16:55:33.724 - [ 1550/50000] loss: 1.5854 (1.2844), acc: 28.000% (48.051%)
Mar-01 16:55:39.465 - [ 1600/50000] loss: 1.4562 (1.2808), acc: 44.000% (48.267%)
Mar-01 16:55:45.199 - [ 1650/50000] loss: 1.0106 (1.2767), acc: 60.000% (48.474%)
Mar-01 16:55:50.982 - [ 1700/50000] loss: 0.9814 (1.2735), acc: 56.000% (48.594%)
Mar-01 16:55:56.717 - [ 1750/50000] loss: 0.9125 (1.2715), acc: 76.000% (48.688%)
Mar-01 16:56:02.443 - [ 1800/50000] loss: 1.5876 (1.2670), acc: 52.000% (48.945%)
Mar-01 16:56:08.231 - [ 1850/50000] loss: 1.0356 (1.2630), acc: 60.000% (49.139%)
Mar-01 16:56:13.949 - [ 1900/50000] loss: 0.9927 (1.2590), acc: 56.000% (49.284%)
Mar-01 16:56:19.668 - [ 1950/50000] loss: 1.3506 (1.2562), acc: 52.000% (49.503%)
Mar-01 16:56:25.453 - [ 2000/50000] loss: 1.3750 (1.2539), acc: 48.000% (49.612%)
Mar-01 16:56:25.642 - [ 2000] Eval (100 episode) - loss: 1.3995 +- 0.0000, acc: 40.000 +- 0.000%
Mar-01 16:56:31.364 - [ 2050/50000] loss: 1.3198 (1.2044), acc: 40.000% (51.280%)
Mar-01 16:56:37.150 - [ 2100/50000] loss: 1.2358 (1.2050), acc: 36.000% (51.680%)
Mar-01 16:56:42.863 - [ 2150/50000] loss: 1.1000 (1.2007), acc: 64.000% (51.307%)
Mar-01 16:56:48.580 - [ 2200/50000] loss: 1.3076 (1.2108), acc: 40.000% (51.040%)
Mar-01 16:56:54.311 - [ 2250/50000] loss: 1.2892 (1.1980), acc: 48.000% (51.712%)
Mar-01 16:57:00.103 - [ 2300/50000] loss: 1.1098 (1.1981), acc: 52.000% (51.800%)
Mar-01 16:57:05.830 - [ 2350/50000] loss: 1.3122 (1.1946), acc: 52.000% (52.057%)
Mar-01 16:57:11.588 - [ 2400/50000] loss: 0.6207 (1.1896), acc: 84.000% (52.380%)
